#
# There is insufficient memory for the Java Runtime Environment to continue.
# Native memory allocation (mmap) failed to map 65536 bytes for Failed to commit metaspace.
# Possible reasons:
#   The system is out of physical RAM or swap space
#   The process is running with CompressedOops enabled, and the Java Heap may be blocking the growth of the native heap
# Possible solutions:
#   Reduce memory load on the system
#   Increase physical memory or swap space
#   Check if swap backing store is full
#   Decrease Java heap size (-Xmx/-Xms)
#   Decrease number of Java threads
#   Decrease Java thread stack sizes (-Xss)
#   Set larger code cache with -XX:ReservedCodeCacheSize=
#   JVM is running with Unscaled Compressed Oops mode in which the Java heap is
#     placed in the first 4GB address space. The Java Heap base address is the
#     maximum limit for the native heap growth. Please use -XX:HeapBaseMinAddress
#     to set the Java Heap base and to place the Java Heap above 4GB virtual address.
# This output file may be truncated or incomplete.
#
#  Out of Memory Error (virtualSpaceNode.cpp:110), pid=64136, tid=31012
#
# JRE version: OpenJDK Runtime Environment Temurin-17.0.5+8 (17.0.5+8) (build 17.0.5+8)
# Java VM: OpenJDK 64-Bit Server VM Temurin-17.0.5+8 (17.0.5+8, mixed mode, tiered, compressed oops, compressed class ptrs, parallel gc, windows-amd64)
# No core dump will be written. Minidumps are not enabled by default on client versions of Windows
#

---------------  S U M M A R Y ------------

Command Line: --add-modules=ALL-SYSTEM --add-opens=java.base/java.util=ALL-UNNAMED --add-opens=java.base/java.lang=ALL-UNNAMED --add-opens=java.base/sun.nio.fs=ALL-UNNAMED -Declipse.application=org.eclipse.jdt.ls.core.id1 -Dosgi.bundles.defaultStartLevel=4 -Declipse.product=org.eclipse.jdt.ls.core.product -Djava.import.generatesMetadataFilesAtProjectRoot=false -Dfile.encoding=utf8 -XX:+UseParallelGC -XX:GCTimeRatio=4 -XX:AdaptiveSizePolicyWeight=90 -Dsun.zip.disableMemoryMapping=true -Xmx1G -Xms100m -Xlog:disable -javaagent:c:\Users\thawo\.vscode\extensions\redhat.java-1.13.0-win32-x64\lombok\lombok-1.18.24.jar -XX:+HeapDumpOnOutOfMemoryError -XX:HeapDumpPath=c:\Users\thawo\AppData\Roaming\Code\User\workspaceStorage\2d6e6c242182be601654a56bc59561c7\redhat.java c:\Users\thawo\.vscode\extensions\redhat.java-1.13.0-win32-x64\server\plugins\org.eclipse.equinox.launcher_1.6.400.v20210924-0641.jar -configuration c:\Users\thawo\AppData\Roaming\Code\User\globalStorage\redhat.java\1.13.0\config_win -data c:\Users\thawo\AppData\Roaming\Code\User\workspaceStorage\2d6e6c242182be601654a56bc59561c7\redhat.java\jdt_ws

Host: AMD Ryzen 7 5700U with Radeon Graphics         , 16 cores, 9G,  Windows 11 , 64 bit Build 22621 (10.0.22621.963)
Time: Mon Jan  2 03:31:33 2023 Central Standard Time elapsed time: 2.490101 seconds (0d 0h 0m 2s)

---------------  T H R E A D  ---------------

Current thread (0x0000027a5ccdd590):  JavaThread "main" [_thread_in_vm, id=31012, stack(0x000000e769900000,0x000000e769a00000)]

Stack: [0x000000e769900000,0x000000e769a00000]
Native frames: (J=compiled Java code, j=interpreted, Vv=VM code, C=native code)
V  [jvm.dll+0x676b3a]
V  [jvm.dll+0x831444]
V  [jvm.dll+0x832bee]
V  [jvm.dll+0x833253]
V  [jvm.dll+0x244ce5]
V  [jvm.dll+0x82d4db]
V  [jvm.dll+0x61b2f6]
V  [jvm.dll+0x1bfd2e]
V  [jvm.dll+0x61dc41]
V  [jvm.dll+0x61bc96]
V  [jvm.dll+0x23937f]
V  [jvm.dll+0x625af5]
V  [jvm.dll+0x1e99bb]
V  [jvm.dll+0x1e9ef5]
V  [jvm.dll+0x1ea92f]
V  [jvm.dll+0x1dfdd1]
V  [jvm.dll+0x53be30]
V  [jvm.dll+0x1f05a7]
V  [jvm.dll+0x7ab9db]
V  [jvm.dll+0x7acd82]
V  [jvm.dll+0x7ad0b8]
V  [jvm.dll+0x23d0ee]
V  [jvm.dll+0x23d33f]
V  [jvm.dll+0x5594a8]
V  [jvm.dll+0x55c357]
V  [jvm.dll+0x382574]
V  [jvm.dll+0x381bdf]
C  0x0000027a5f969dcc

Java frames: (J=compiled Java code, j=interpreted, Vv=VM code)
j  java.security.cert.CertificateFactory.getInstance(Ljava/lang/String;)Ljava/security/cert/CertificateFactory;+12 java.base@17.0.5
j  sun.security.pkcs.PKCS7.parseSignedData(Lsun/security/util/DerValue;)V+131 java.base@17.0.5
j  sun.security.pkcs.PKCS7.parse(Lsun/security/util/DerInputStream;Z)V+40 java.base@17.0.5
j  sun.security.pkcs.PKCS7.parse(Lsun/security/util/DerInputStream;)V+11 java.base@17.0.5
j  sun.security.pkcs.PKCS7.<init>([B)V+50 java.base@17.0.5
j  sun.security.util.SignatureFileVerifier.<init>(Ljava/util/ArrayList;Lsun/security/util/ManifestDigester;Ljava/lang/String;[B)V+40 java.base@17.0.5
j  java.util.jar.JarVerifier.processEntry(Lsun/security/util/ManifestEntryVerifier;)V+322 java.base@17.0.5
j  java.util.jar.JarVerifier.update(I[BIILsun/security/util/ManifestEntryVerifier;)V+39 java.base@17.0.5
j  java.util.jar.JarFile.initializeVerifier()V+163 java.base@17.0.5
j  java.util.jar.JarFile.ensureInitialization()V+41 java.base@17.0.5
j  java.util.jar.JavaUtilJarAccessImpl.ensureInitialization(Ljava/util/jar/JarFile;)V+1 java.base@17.0.5
j  jdk.internal.loader.URLClassPath$JarLoader$2.getManifest()Ljava/util/jar/Manifest;+10 java.base@17.0.5
j  jdk.internal.loader.BuiltinClassLoader.defineClass(Ljava/lang/String;Ljdk/internal/loader/Resource;)Ljava/lang/Class;+29 java.base@17.0.5
j  jdk.internal.loader.BuiltinClassLoader.findClassOnClassPathOrNull(Ljava/lang/String;)Ljava/lang/Class;+37 java.base@17.0.5
j  jdk.internal.loader.BuiltinClassLoader.loadClassOrNull(Ljava/lang/String;Z)Ljava/lang/Class;+111 java.base@17.0.5
j  jdk.internal.loader.BuiltinClassLoader.loadClass(Ljava/lang/String;Z)Ljava/lang/Class;+3 java.base@17.0.5
j  jdk.internal.loader.ClassLoaders$AppClassLoader.loadClass(Ljava/lang/String;Z)Ljava/lang/Class;+36 java.base@17.0.5
j  java.lang.ClassLoader.loadClass(Ljava/lang/String;)Ljava/lang/Class;+3 java.base@17.0.5
v  ~StubRoutines::call_stub
j  java.lang.Class.forName0(Ljava/lang/String;ZLjava/lang/ClassLoader;Ljava/lang/Class;)Ljava/lang/Class;+0 java.base@17.0.5
j  java.lang.Class.forName(Ljava/lang/String;ZLjava/lang/ClassLoader;)Ljava/lang/Class;+43 java.base@17.0.5
j  sun.launcher.LauncherHelper.loadMainClass(ILjava/lang/String;)Ljava/lang/Class;+95 java.base@17.0.5
j  sun.launcher.LauncherHelper.checkAndLoadMain(ZILjava/lang/String;)Ljava/lang/Class;+42 java.base@17.0.5
v  ~StubRoutines::call_stub

---------------  P R O C E S S  ---------------

Threads class SMR info:
_java_thread_list=0x0000027a745d4430, length=12, elements={
0x0000027a5ccdd590, 0x0000027a70b4e280, 0x0000027a7270ab30, 0x0000027a72738f20,
0x0000027a7273b7f0, 0x0000027a7273c0b0, 0x0000027a7273e120, 0x0000027a72746510,
0x0000027a727a3880, 0x0000027a727b7530, 0x0000027a72836860, 0x0000027a745dc800
}

Java Threads: ( => current thread )
=>0x0000027a5ccdd590 JavaThread "main" [_thread_in_vm, id=31012, stack(0x000000e769900000,0x000000e769a00000)]
  0x0000027a70b4e280 JavaThread "Reference Handler" daemon [_thread_blocked, id=46596, stack(0x000000e769c00000,0x000000e769d00000)]
  0x0000027a7270ab30 JavaThread "Finalizer" daemon [_thread_blocked, id=50492, stack(0x000000e769d00000,0x000000e769e00000)]
  0x0000027a72738f20 JavaThread "Signal Dispatcher" daemon [_thread_blocked, id=50976, stack(0x000000e769e00000,0x000000e769f00000)]
  0x0000027a7273b7f0 JavaThread "Attach Listener" daemon [_thread_blocked, id=67916, stack(0x000000e769f00000,0x000000e76a000000)]
  0x0000027a7273c0b0 JavaThread "Service Thread" daemon [_thread_blocked, id=21728, stack(0x000000e76a000000,0x000000e76a100000)]
  0x0000027a7273e120 JavaThread "Monitor Deflation Thread" daemon [_thread_blocked, id=3144, stack(0x000000e76a100000,0x000000e76a200000)]
  0x0000027a72746510 JavaThread "C2 CompilerThread0" daemon [_thread_blocked, id=66904, stack(0x000000e76a200000,0x000000e76a300000)]
  0x0000027a727a3880 JavaThread "C1 CompilerThread0" daemon [_thread_blocked, id=60624, stack(0x000000e76a300000,0x000000e76a400000)]
  0x0000027a727b7530 JavaThread "Sweeper thread" daemon [_thread_blocked, id=66340, stack(0x000000e76a400000,0x000000e76a500000)]
  0x0000027a72836860 JavaThread "Common-Cleaner" daemon [_thread_blocked, id=68192, stack(0x000000e76a500000,0x000000e76a600000)]
  0x0000027a745dc800 JavaThread "Notification Thread" daemon [_thread_blocked, id=1844, stack(0x000000e76a600000,0x000000e76a700000)]

Other Threads:
  0x0000027a70b49c20 VMThread "VM Thread" [stack: 0x000000e769b00000,0x000000e769c00000] [id=59628]
  0x0000027a745dcf20 WatcherThread [stack: 0x000000e76a700000,0x000000e76a800000] [id=68348]
  0x0000027a5ccf2780 GCTaskThread "GC Thread#0" [stack: 0x000000e769a00000,0x000000e769b00000] [id=64732]

Threads with active compile tasks:

VM state: not at safepoint (normal execution)

VM Mutex/Monitor currently owned by a thread:  ([mutex/lock_event])
[0x0000027a5ccd8910] Metaspace_lock - owner thread: 0x0000027a5ccdd590

Heap address: 0x00000000c0000000, size: 1024 MB, Compressed Oops mode: 32-bit

CDS archive(s) not mapped
Compressed class space mapped at: 0x0000000100000000-0x0000000140000000, reserved size: 1073741824
Narrow klass base: 0x0000000000000000, Narrow klass shift: 3, Narrow klass range: 0x140000000

GC Precious Log:
 CPUs: 16 total, 16 available
 Memory: 10085M
 Large Page Support: Disabled
 NUMA Support: Disabled
 Compressed Oops: Enabled (32-bit)
 Alignments: Space 512K, Generation 512K, Heap 2M
 Heap Min Capacity: 100M
 Heap Initial Capacity: 100M
 Heap Max Capacity: 1G
 Pre-touch: Disabled
 Parallel Workers: 13

Heap:
 PSYoungGen      total 29696K, used 8283K [0x00000000eab00000, 0x00000000ecc00000, 0x0000000100000000)
  eden space 25600K, 32% used [0x00000000eab00000,0x00000000eb316f78,0x00000000ec400000)
  from space 4096K, 0% used [0x00000000ec800000,0x00000000ec800000,0x00000000ecc00000)
  to   space 4096K, 0% used [0x00000000ec400000,0x00000000ec400000,0x00000000ec800000)
 ParOldGen       total 68608K, used 0K [0x00000000c0000000, 0x00000000c4300000, 0x00000000eab00000)
  object space 68608K, 0% used [0x00000000c0000000,0x00000000c0000000,0x00000000c4300000)
 Metaspace       used 6792K, committed 6848K, reserved 1056768K
  class space    used 659K, committed 704K, reserved 1048576K

Card table byte_map: [0x0000027a5c6a0000,0x0000027a5c8b0000] _byte_map_base: 0x0000027a5c0a0000

Marking Bits: (ParMarkBitMap*) 0x00007ff9b42f0dd0
 Begin Bits: [0x0000027a6e950000, 0x0000027a6f950000)
 End Bits:   [0x0000027a6f950000, 0x0000027a70950000)

Polling page: 0x0000027a5c490000

Metaspace:

Usage:
  Non-class:      5.99 MB used.
      Class:    659.36 KB used.
       Both:      6.63 MB used.

Virtual space:
  Non-class space:        8.00 MB reserved,       6.00 MB ( 75%) committed,  1 nodes.
      Class space:        1.00 GB reserved,     704.00 KB ( <1%) committed,  1 nodes.
             Both:        1.01 GB reserved,       6.69 MB ( <1%) committed. 

Chunk freelists:
   Non-Class:  1.00 MB
       Class:  3.22 MB
        Both:  4.22 MB

MaxMetaspaceSize: unlimited
CompressedClassSpaceSize: 1.00 GB
Initial GC threshold: 21.00 MB
Current GC threshold: 21.00 MB
CDS: off
MetaspaceReclaimPolicy: balanced
 - commit_granule_bytes: 65536.
 - commit_granule_words: 8192.
 - virtual_space_node_default_size: 1048576.
 - enlarge_chunks_in_place: 1.
 - new_chunks_are_fully_committed: 0.
 - uncommit_free_chunks: 1.
 - use_allocation_guard: 0.
 - handle_deallocations: 1.


Internal statistics:

num_allocs_failed_limit: 0.
num_arena_births: 10.
num_arena_deaths: 0.
num_vsnodes_births: 2.
num_vsnodes_deaths: 0.
num_space_committed: 107.
num_space_uncommitted: 0.
num_chunks_returned_to_freelist: 0.
num_chunks_taken_from_freelist: 36.
num_chunk_merges: 0.
num_chunk_splits: 20.
num_chunks_enlarged: 16.
num_purges: 0.
num_inconsistent_stats: 0.

CodeHeap 'non-profiled nmethods': size=119168Kb used=125Kb max_used=125Kb free=119042Kb
 bounds [0x0000027a674f0000, 0x0000027a67760000, 0x0000027a6e950000]
CodeHeap 'profiled nmethods': size=119104Kb used=621Kb max_used=621Kb free=118482Kb
 bounds [0x0000027a600a0000, 0x0000027a60310000, 0x0000027a674f0000]
CodeHeap 'non-nmethods': size=7488Kb used=1105Kb max_used=1118Kb free=6382Kb
 bounds [0x0000027a5f950000, 0x0000027a5fbc0000, 0x0000027a600a0000]
 total_blobs=829 nmethods=445 adapters=299
 compilation: enabled
              stopped_count=0, restarted_count=0
 full_count=0

Compilation events (20 events):
Event: 2.425 Thread 0x0000027a727a3880  431       3       java.util.HashMap::<init> (11 bytes)
Event: 2.425 Thread 0x0000027a727a3880 nmethod 431 0x0000027a60135410 code [0x0000027a601355c0, 0x0000027a60135798]
Event: 2.425 Thread 0x0000027a727a3880  428       3       java.util.Objects::nonNull (10 bytes)
Event: 2.425 Thread 0x0000027a727a3880 nmethod 428 0x0000027a60135890 code [0x0000027a60135a20, 0x0000027a60135b78]
Event: 2.427 Thread 0x0000027a72746510  438       4       java.lang.String::charAt (25 bytes)
Event: 2.430 Thread 0x0000027a72746510 nmethod 438 0x0000027a6750f210 code [0x0000027a6750f3a0, 0x0000027a6750f488]
Event: 2.439 Thread 0x0000027a727a3880  439       3       java.lang.Number::<init> (5 bytes)
Event: 2.439 Thread 0x0000027a727a3880 nmethod 439 0x0000027a60135c10 code [0x0000027a60135da0, 0x0000027a60135ef8]
Event: 2.444 Thread 0x0000027a727a3880  440       3       java.lang.Character::digit (6 bytes)
Event: 2.445 Thread 0x0000027a727a3880 nmethod 440 0x0000027a60135f90 code [0x0000027a60136140, 0x0000027a60136378]
Event: 2.445 Thread 0x0000027a727a3880  441       3       java.lang.Character::digit (10 bytes)
Event: 2.445 Thread 0x0000027a727a3880 nmethod 441 0x0000027a60136490 code [0x0000027a60136640, 0x0000027a60136838]
Event: 2.445 Thread 0x0000027a727a3880  442       3       java.lang.CharacterDataLatin1::digit (32 bytes)
Event: 2.445 Thread 0x0000027a727a3880 nmethod 442 0x0000027a60136910 code [0x0000027a60136ac0, 0x0000027a60136d18]
Event: 2.446 Thread 0x0000027a727a3880  443       3       java.lang.Integer::parseInt (264 bytes)
Event: 2.450 Thread 0x0000027a727a3880 nmethod 443 0x0000027a60136e10 code [0x0000027a601372a0, 0x0000027a60139058]
Event: 2.450 Thread 0x0000027a727a3880  444       3       java.lang.Integer::parseInt (7 bytes)
Event: 2.450 Thread 0x0000027a727a3880 nmethod 444 0x0000027a60139c90 code [0x0000027a60139e20, 0x0000027a60139f48]
Event: 2.450 Thread 0x0000027a727a3880  445       3       sun.security.util.ObjectIdentifier::checkOidSize (86 bytes)
Event: 2.452 Thread 0x0000027a727a3880 nmethod 445 0x0000027a6013a010 code [0x0000027a6013a320, 0x0000027a6013b0a8]

GC Heap History (0 events):
No events

Dll operation events (8 events):
Event: 0.572 Loaded shared library c:\Users\thawo\.vscode\extensions\redhat.java-1.13.0-win32-x64\jre\17.0.5-win32-x86_64\bin\java.dll
Event: 1.371 Loaded shared library c:\Users\thawo\.vscode\extensions\redhat.java-1.13.0-win32-x64\jre\17.0.5-win32-x86_64\bin\zip.dll
Event: 1.384 Loaded shared library C:\Users\thawo\.vscode\extensions\redhat.java-1.13.0-win32-x64\jre\17.0.5-win32-x86_64\bin\instrument.dll
Event: 1.515 Loaded shared library C:\Users\thawo\.vscode\extensions\redhat.java-1.13.0-win32-x64\jre\17.0.5-win32-x86_64\bin\net.dll
Event: 1.542 Loaded shared library C:\Users\thawo\.vscode\extensions\redhat.java-1.13.0-win32-x64\jre\17.0.5-win32-x86_64\bin\nio.dll
Event: 1.576 Loaded shared library C:\Users\thawo\.vscode\extensions\redhat.java-1.13.0-win32-x64\jre\17.0.5-win32-x86_64\bin\zip.dll
Event: 1.649 Loaded shared library C:\Users\thawo\.vscode\extensions\redhat.java-1.13.0-win32-x64\jre\17.0.5-win32-x86_64\bin\jimage.dll
Event: 1.865 Loaded shared library c:\Users\thawo\.vscode\extensions\redhat.java-1.13.0-win32-x64\jre\17.0.5-win32-x86_64\bin\verify.dll

Deoptimization events (16 events):
Event: 2.318 Thread 0x0000027a5ccdd590 DEOPT PACKING pc=0x0000027a600bc413 sp=0x000000e7699fdf30
Event: 2.318 Thread 0x0000027a5ccdd590 DEOPT UNPACKING pc=0x0000027a5f9a2843 sp=0x000000e7699fd3f0 mode 0
Event: 2.323 Thread 0x0000027a5ccdd590 Uncommon trap: trap_request=0xffffff45 fr.pc=0x0000027a674fefdc relative=0x000000000000005c
Event: 2.323 Thread 0x0000027a5ccdd590 Uncommon trap: reason=unstable_if action=reinterpret pc=0x0000027a674fefdc method=java.lang.String.isLatin1()Z @ 10 c2
Event: 2.323 Thread 0x0000027a5ccdd590 DEOPT PACKING pc=0x0000027a674fefdc sp=0x000000e7699fe200
Event: 2.323 Thread 0x0000027a5ccdd590 DEOPT UNPACKING pc=0x0000027a5f9a20a3 sp=0x000000e7699fe190 mode 2
Event: 2.324 Thread 0x0000027a5ccdd590 Uncommon trap: trap_request=0xffffff45 fr.pc=0x0000027a674ffa74 relative=0x0000000000000074
Event: 2.324 Thread 0x0000027a5ccdd590 Uncommon trap: reason=unstable_if action=reinterpret pc=0x0000027a674ffa74 method=java.lang.String.isLatin1()Z @ 10 c2
Event: 2.324 Thread 0x0000027a5ccdd590 DEOPT PACKING pc=0x0000027a674ffa74 sp=0x000000e7699fec00
Event: 2.324 Thread 0x0000027a5ccdd590 DEOPT UNPACKING pc=0x0000027a5f9a20a3 sp=0x000000e7699feb40 mode 2
Event: 2.327 Thread 0x0000027a5ccdd590 DEOPT PACKING pc=0x0000027a600bc413 sp=0x000000e7699fd580
Event: 2.327 Thread 0x0000027a5ccdd590 DEOPT UNPACKING pc=0x0000027a5f9a2843 sp=0x000000e7699fca40 mode 0
Event: 2.415 Thread 0x0000027a5ccdd590 Uncommon trap: trap_request=0xffffff45 fr.pc=0x0000027a674fe808 relative=0x0000000000000628
Event: 2.415 Thread 0x0000027a5ccdd590 Uncommon trap: reason=unstable_if action=reinterpret pc=0x0000027a674fe808 method=java.util.HashMap.putVal(ILjava/lang/Object;Ljava/lang/Object;ZZ)Ljava/lang/Object; @ 181 c2
Event: 2.415 Thread 0x0000027a5ccdd590 DEOPT PACKING pc=0x0000027a674fe808 sp=0x000000e7699fda40
Event: 2.415 Thread 0x0000027a5ccdd590 DEOPT UNPACKING pc=0x0000027a5f9a20a3 sp=0x000000e7699fd9b0 mode 2

Classes unloaded (0 events):
No events

Classes redefined (0 events):
No events

Internal exceptions (2 events):
Event: 1.275 Thread 0x0000027a5ccdd590 Exception <a 'java/lang/NoSuchMethodError'{0x00000000eacb35b8}: 'void java.lang.invoke.DirectMethodHandle$Holder.invokeStatic(java.lang.Object, java.lang.Object, java.lang.Object)'> (0x00000000eacb35b8) 
thrown [s\src\hotspot\share\interpreter\linkResolver.cpp, line 759]
Event: 1.965 Thread 0x0000027a5ccdd590 Exception <a 'java/lang/reflect/InvocationTargetException'{0x00000000eaf783f8}> (0x00000000eaf783f8) 
thrown [s\src\hotspot\share\runtime\reflection.cpp, line 1121]

VM Operations (4 events):
Event: 1.288 Executing VM operation: HandshakeAllThreads
Event: 1.288 Executing VM operation: HandshakeAllThreads done
Event: 1.715 Executing VM operation: HandshakeAllThreads
Event: 1.715 Executing VM operation: HandshakeAllThreads done

Events (20 events):
Event: 2.427 loading class sun/security/util/ObjectIdentifier done
Event: 2.428 loading class sun/security/util/DerValue
Event: 2.429 loading class sun/security/util/DerValue done
Event: 2.429 loading class sun/security/util/DerOutputStream
Event: 2.430 loading class sun/security/util/DerEncoder
Event: 2.430 loading class sun/security/util/DerEncoder done
Event: 2.431 loading class sun/security/util/DerOutputStream done
Event: 2.431 loading class sun/security/util/ByteArrayLexOrder
Event: 2.432 loading class sun/security/util/ByteArrayLexOrder done
Event: 2.432 loading class sun/security/util/ByteArrayTagOrder
Event: 2.432 loading class sun/security/util/ByteArrayTagOrder done
Event: 2.433 loading class java/math/BigInteger
Event: 2.437 loading class java/math/BigInteger done
Event: 2.439 loading class sun/security/x509/AlgorithmId
Event: 2.442 loading class sun/security/x509/AlgorithmId done
Event: 2.446 loading class java/security/cert/CertificateFactory
Event: 2.450 loading class java/security/cert/CertificateFactory done
Event: 2.450 loading class java/security/cert/CertificateFactorySpi
Event: 2.452 loading class java/security/cert/CertificateFactorySpi done
Event: 2.452 loading class sun/security/jca/GetInstance


Dynamic libraries:
0x00007ff7fce20000 - 0x00007ff7fce2e000 	c:\Users\thawo\.vscode\extensions\redhat.java-1.13.0-win32-x64\jre\17.0.5-win32-x86_64\bin\java.exe
0x00007ffa23690000 - 0x00007ffa238a4000 	C:\WINDOWS\SYSTEM32\ntdll.dll
0x00007ffa22600000 - 0x00007ffa226c3000 	C:\WINDOWS\System32\KERNEL32.DLL
0x00007ffa20cf0000 - 0x00007ffa2108d000 	C:\WINDOWS\System32\KERNELBASE.dll
0x00007ffa1d9d0000 - 0x00007ffa1da67000 	C:\WINDOWS\SYSTEM32\apphelp.dll
0x00007ffa21270000 - 0x00007ffa21381000 	C:\WINDOWS\System32\ucrtbase.dll
0x00007ffa0e3f0000 - 0x00007ffa0e409000 	c:\Users\thawo\.vscode\extensions\redhat.java-1.13.0-win32-x64\jre\17.0.5-win32-x86_64\bin\VCRUNTIME140.dll
0x00007ffa03b40000 - 0x00007ffa03b57000 	c:\Users\thawo\.vscode\extensions\redhat.java-1.13.0-win32-x64\jre\17.0.5-win32-x86_64\bin\jli.dll
0x00007ffa227a0000 - 0x00007ffa2294d000 	C:\WINDOWS\System32\USER32.dll
0x00007ffa20ab0000 - 0x00007ffa20ad6000 	C:\WINDOWS\System32\win32u.dll
0x00007ffa234a0000 - 0x00007ffa234c9000 	C:\WINDOWS\System32\GDI32.dll
0x00007ffa21090000 - 0x00007ffa211a2000 	C:\WINDOWS\System32\gdi32full.dll
0x00007ffa14650000 - 0x00007ffa148de000 	C:\WINDOWS\WinSxS\amd64_microsoft.windows.common-controls_6595b64144ccf1df_6.0.22621.608_none_a9444ca7c10bb01d\COMCTL32.dll
0x00007ffa20ae0000 - 0x00007ffa20b7a000 	C:\WINDOWS\System32\msvcp_win.dll
0x00007ffa21480000 - 0x00007ffa21527000 	C:\WINDOWS\System32\msvcrt.dll
0x00007ffa23460000 - 0x00007ffa23492000 	C:\WINDOWS\System32\IMM32.DLL
0x00007ffa0e3e0000 - 0x00007ffa0e3ec000 	c:\Users\thawo\.vscode\extensions\redhat.java-1.13.0-win32-x64\jre\17.0.5-win32-x86_64\bin\vcruntime140_1.dll
0x00007ff9ed5d0000 - 0x00007ff9ed661000 	c:\Users\thawo\.vscode\extensions\redhat.java-1.13.0-win32-x64\jre\17.0.5-win32-x86_64\bin\msvcp140.dll
0x00007ff9b3770000 - 0x00007ff9b43b4000 	c:\Users\thawo\.vscode\extensions\redhat.java-1.13.0-win32-x64\jre\17.0.5-win32-x86_64\bin\server\jvm.dll
0x00007ffa226d0000 - 0x00007ffa2277e000 	C:\WINDOWS\System32\ADVAPI32.dll
0x00007ffa231c0000 - 0x00007ffa23264000 	C:\WINDOWS\System32\sechost.dll
0x00007ffa21540000 - 0x00007ffa21655000 	C:\WINDOWS\System32\RPCRT4.dll
0x00007ffa1d930000 - 0x00007ffa1d939000 	C:\WINDOWS\SYSTEM32\WSOCK32.dll
0x00007ffa19830000 - 0x00007ffa19864000 	C:\WINDOWS\SYSTEM32\WINMM.dll
0x00007ffa188f0000 - 0x00007ffa188fa000 	C:\WINDOWS\SYSTEM32\VERSION.dll
0x00007ffa230c0000 - 0x00007ffa23131000 	C:\WINDOWS\System32\WS2_32.dll
0x00007ffa1faf0000 - 0x00007ffa1fb08000 	C:\WINDOWS\SYSTEM32\kernel.appcore.dll
0x00007ffa0e210000 - 0x00007ffa0e21a000 	c:\Users\thawo\.vscode\extensions\redhat.java-1.13.0-win32-x64\jre\17.0.5-win32-x86_64\bin\jimage.dll
0x00007ffa1e500000 - 0x00007ffa1e72e000 	C:\WINDOWS\SYSTEM32\DBGHELP.DLL
0x00007ffa21930000 - 0x00007ffa21cba000 	C:\WINDOWS\System32\combase.dll
0x00007ffa21d20000 - 0x00007ffa21df7000 	C:\WINDOWS\System32\OLEAUT32.dll
0x00007ffa181b0000 - 0x00007ffa181e2000 	C:\WINDOWS\SYSTEM32\dbgcore.DLL
0x00007ffa21390000 - 0x00007ffa2140b000 	C:\WINDOWS\System32\bcryptPrimitives.dll
0x00007ffa0bde0000 - 0x00007ffa0bdee000 	c:\Users\thawo\.vscode\extensions\redhat.java-1.13.0-win32-x64\jre\17.0.5-win32-x86_64\bin\instrument.dll
0x00007ffa03b10000 - 0x00007ffa03b35000 	c:\Users\thawo\.vscode\extensions\redhat.java-1.13.0-win32-x64\jre\17.0.5-win32-x86_64\bin\java.dll
0x00007ffa03af0000 - 0x00007ffa03b08000 	c:\Users\thawo\.vscode\extensions\redhat.java-1.13.0-win32-x64\jre\17.0.5-win32-x86_64\bin\zip.dll
0x00007ffa21e00000 - 0x00007ffa225ef000 	C:\WINDOWS\System32\SHELL32.dll
0x00007ffa1e8f0000 - 0x00007ffa1f1b8000 	C:\WINDOWS\SYSTEM32\windows.storage.dll
0x00007ffa1f1f0000 - 0x00007ffa1f32e000 	C:\WINDOWS\SYSTEM32\wintypes.dll
0x00007ffa21830000 - 0x00007ffa21921000 	C:\WINDOWS\System32\SHCORE.dll
0x00007ffa21cc0000 - 0x00007ffa21d1e000 	C:\WINDOWS\System32\shlwapi.dll
0x00007ffa209e0000 - 0x00007ffa20a01000 	C:\WINDOWS\SYSTEM32\profapi.dll
0x00007ffa039d0000 - 0x00007ffa039e9000 	C:\Users\thawo\.vscode\extensions\redhat.java-1.13.0-win32-x64\jre\17.0.5-win32-x86_64\bin\net.dll
0x00007ffa19700000 - 0x00007ffa1982f000 	C:\WINDOWS\SYSTEM32\WINHTTP.dll
0x00007ffa1ff70000 - 0x00007ffa1ffd9000 	C:\WINDOWS\system32\mswsock.dll
0x00007ffa039b0000 - 0x00007ffa039c5000 	C:\Users\thawo\.vscode\extensions\redhat.java-1.13.0-win32-x64\jre\17.0.5-win32-x86_64\bin\nio.dll
0x00007ffa078b0000 - 0x00007ffa078c0000 	c:\Users\thawo\.vscode\extensions\redhat.java-1.13.0-win32-x64\jre\17.0.5-win32-x86_64\bin\verify.dll

dbghelp: loaded successfully - version: 4.0.5 - missing functions: none
symbol engine: initialized successfully - sym options: 0x614 - pdb path: .;c:\Users\thawo\.vscode\extensions\redhat.java-1.13.0-win32-x64\jre\17.0.5-win32-x86_64\bin;C:\WINDOWS\SYSTEM32;C:\WINDOWS\WinSxS\amd64_microsoft.windows.common-controls_6595b64144ccf1df_6.0.22621.608_none_a9444ca7c10bb01d;c:\Users\thawo\.vscode\extensions\redhat.java-1.13.0-win32-x64\jre\17.0.5-win32-x86_64\bin\server

VM Arguments:
jvm_args: --add-modules=ALL-SYSTEM --add-opens=java.base/java.util=ALL-UNNAMED --add-opens=java.base/java.lang=ALL-UNNAMED --add-opens=java.base/sun.nio.fs=ALL-UNNAMED -Declipse.application=org.eclipse.jdt.ls.core.id1 -Dosgi.bundles.defaultStartLevel=4 -Declipse.product=org.eclipse.jdt.ls.core.product -Djava.import.generatesMetadataFilesAtProjectRoot=false -Dfile.encoding=utf8 -XX:+UseParallelGC -XX:GCTimeRatio=4 -XX:AdaptiveSizePolicyWeight=90 -Dsun.zip.disableMemoryMapping=true -Xmx1G -Xms100m -Xlog:disable -javaagent:c:\Users\thawo\.vscode\extensions\redhat.java-1.13.0-win32-x64\lombok\lombok-1.18.24.jar -XX:+HeapDumpOnOutOfMemoryError -XX:HeapDumpPath=c:\Users\thawo\AppData\Roaming\Code\User\workspaceStorage\2d6e6c242182be601654a56bc59561c7\redhat.java 
java_command: c:\Users\thawo\.vscode\extensions\redhat.java-1.13.0-win32-x64\server\plugins\org.eclipse.equinox.launcher_1.6.400.v20210924-0641.jar -configuration c:\Users\thawo\AppData\Roaming\Code\User\globalStorage\redhat.java\1.13.0\config_win -data c:\Users\thawo\AppData\Roaming\Code\User\workspaceStorage\2d6e6c242182be601654a56bc59561c7\redhat.java\jdt_ws
java_class_path (initial): c:\Users\thawo\.vscode\extensions\redhat.java-1.13.0-win32-x64\server\plugins\org.eclipse.equinox.launcher_1.6.400.v20210924-0641.jar
Launcher Type: SUN_STANDARD

[Global flags]
    uintx AdaptiveSizePolicyWeight                 = 90                                        {product} {command line}
     intx CICompilerCount                          = 12                                        {product} {ergonomic}
    uintx GCTimeRatio                              = 4                                         {product} {command line}
     bool HeapDumpOnOutOfMemoryError               = true                                   {manageable} {command line}
    ccstr HeapDumpPath                             = c:\Users\thawo\AppData\Roaming\Code\User\workspaceStorage\2d6e6c242182be601654a56bc59561c7\redhat.java         {manageable} {command line}
   size_t InitialHeapSize                          = 104857600                                 {product} {command line}
   size_t MaxHeapSize                              = 1073741824                                {product} {command line}
   size_t MaxNewSize                               = 357564416                                 {product} {ergonomic}
   size_t MinHeapDeltaBytes                        = 524288                                    {product} {ergonomic}
   size_t MinHeapSize                              = 104857600                                 {product} {command line}
   size_t NewSize                                  = 34603008                                  {product} {ergonomic}
    uintx NonNMethodCodeHeapSize                   = 7602480                                {pd product} {ergonomic}
    uintx NonProfiledCodeHeapSize                  = 122027880                              {pd product} {ergonomic}
   size_t OldSize                                  = 70254592                                  {product} {ergonomic}
    uintx ProfiledCodeHeapSize                     = 122027880                              {pd product} {ergonomic}
    uintx ReservedCodeCacheSize                    = 251658240                              {pd product} {ergonomic}
     bool SegmentedCodeCache                       = true                                      {product} {ergonomic}
   size_t SoftMaxHeapSize                          = 1073741824                             {manageable} {ergonomic}
     bool UseCompressedClassPointers               = true                           {product lp64_product} {ergonomic}
     bool UseCompressedOops                        = true                           {product lp64_product} {ergonomic}
     bool UseLargePagesIndividualAllocation        = false                                  {pd product} {ergonomic}
     bool UseParallelGC                            = true                                      {product} {command line}

Logging:
Log output configuration:
 #0: stdout all=off uptime,level,tags
 #1: stderr all=off uptime,level,tags

Environment Variables:
PATH=C:\Program Files\Google\Chrome\Application;C:\WINDOWS\system32;C:\WINDOWS;C:\WINDOWS\System32\Wbem;C:\WINDOWS\System32\WindowsPowerShell\v1.0\;C:\WINDOWS\System32\OpenSSH\;C:\ProgramData\chocolatey\bin;%NVM_HOME%;%NVM_SYMLINK%;C:\Program Files\Git\cmd;C:\Program Files\Geth;C:\Program Files\Go\bin;C:\Program Files\dotnet\;C:\Program Files (x86)\dotnet\;C:\Program Files\GitHub CLI\;C:\Program Files\Docker\Docker\resources\bin;C:\Ruby31-x64\bin;C:\Users\thawo\AppData\Local\pnpm;C:\Users\thawo\AppData\Local\Microsoft\WindowsApps;C:\Users\thawo\AppData\Roaming\nvm;C:\Program Files\nodejs;C:\Users\thawo\go\bin
USERNAME=thawo
OS=Windows_NT
PROCESSOR_IDENTIFIER=AMD64 Family 23 Model 104 Stepping 1, AuthenticAMD
TMP=C:\Users\thawo\AppData\Local\Temp
TEMP=C:\Users\thawo\AppData\Local\Temp



---------------  S Y S T E M  ---------------

OS:
 Windows 11 , 64 bit Build 22621 (10.0.22621.963)
OS uptime: 1 days 14:33 hours
Hyper-V role detected

CPU: total 16 (initial active 16) (16 cores per cpu, 2 threads per core) family 23 model 104 stepping 1 microcode 0x0, cx8, cmov, fxsr, ht, mmx, 3dnowpref, sse, sse2, sse3, ssse3, sse4a, sse4.1, sse4.2, popcnt, lzcnt, tsc, tscinvbit, avx, avx2, aes, clmul, bmi1, bmi2, adx, sha, fma, vzeroupper, clflush, clflushopt, hv

Memory: 4k page, system-wide physical 10085M (67M free)
TotalPageFile size 40805M (AvailPageFile size 0M)
current process WorkingSet (physical memory assigned to process): 43M, peak: 43M
current process commit charge ("private bytes"): 203M, peak: 203M

vm_info: OpenJDK 64-Bit Server VM (17.0.5+8) for windows-amd64 JRE (17.0.5+8), built on Oct 19 2022 04:48:13 by "temurin" with MS VC++ 16.7 (VS2019)

END.
