#
# There is insufficient memory for the Java Runtime Environment to continue.
# Native memory allocation (malloc) failed to allocate 1397616 bytes for Chunk::new
# Possible reasons:
#   The system is out of physical RAM or swap space
#   The process is running with CompressedOops enabled, and the Java Heap may be blocking the growth of the native heap
# Possible solutions:
#   Reduce memory load on the system
#   Increase physical memory or swap space
#   Check if swap backing store is full
#   Decrease Java heap size (-Xmx/-Xms)
#   Decrease number of Java threads
#   Decrease Java thread stack sizes (-Xss)
#   Set larger code cache with -XX:ReservedCodeCacheSize=
#   JVM is running with Unscaled Compressed Oops mode in which the Java heap is
#     placed in the first 4GB address space. The Java Heap base address is the
#     maximum limit for the native heap growth. Please use -XX:HeapBaseMinAddress
#     to set the Java Heap base and to place the Java Heap above 4GB virtual address.
# This output file may be truncated or incomplete.
#
#  Out of Memory Error (arena.cpp:189), pid=63320, tid=56744
#
# JRE version: OpenJDK Runtime Environment Temurin-17.0.5+8 (17.0.5+8) (build 17.0.5+8)
# Java VM: OpenJDK 64-Bit Server VM Temurin-17.0.5+8 (17.0.5+8, mixed mode, tiered, compressed oops, compressed class ptrs, parallel gc, windows-amd64)
# No core dump will be written. Minidumps are not enabled by default on client versions of Windows
#

---------------  S U M M A R Y ------------

Command Line: --add-modules=ALL-SYSTEM --add-opens=java.base/java.util=ALL-UNNAMED --add-opens=java.base/java.lang=ALL-UNNAMED --add-opens=java.base/sun.nio.fs=ALL-UNNAMED -Declipse.application=org.eclipse.jdt.ls.core.id1 -Dosgi.bundles.defaultStartLevel=4 -Declipse.product=org.eclipse.jdt.ls.core.product -Djava.import.generatesMetadataFilesAtProjectRoot=false -Dfile.encoding=utf8 -XX:+UseParallelGC -XX:GCTimeRatio=4 -XX:AdaptiveSizePolicyWeight=90 -Dsun.zip.disableMemoryMapping=true -Xmx1G -Xms100m -Xlog:disable -javaagent:c:\Users\thawo\.vscode\extensions\redhat.java-1.13.0-win32-x64\lombok\lombok-1.18.24.jar c:\Users\thawo\.vscode\extensions\redhat.java-1.13.0-win32-x64\server\plugins\org.eclipse.equinox.launcher_1.6.400.v20210924-0641.jar -configuration c:\Users\thawo\AppData\Roaming\Code\User\globalStorage\redhat.java\1.13.0\config_ss_win -data c:\Users\thawo\AppData\Roaming\Code\User\workspaceStorage\2d6e6c242182be601654a56bc59561c7\redhat.java\ss_ws

Host: AMD Ryzen 7 5700U with Radeon Graphics         , 16 cores, 9G,  Windows 11 , 64 bit Build 22621 (10.0.22621.963)
Time: Mon Jan  2 03:30:57 2023 Central Standard Time elapsed time: 14.748640 seconds (0d 0h 0m 14s)

---------------  T H R E A D  ---------------

Current thread (0x000002e2c92df6b0):  JavaThread "C2 CompilerThread0" daemon [_thread_in_native, id=56744, stack(0x000000e9dc200000,0x000000e9dc300000)]


Current CompileTask:
C2:  14748 2839       4       jdk.internal.org.objectweb.asm.Frame::execute (2318 bytes)

Stack: [0x000000e9dc200000,0x000000e9dc300000]
Native frames: (J=compiled Java code, j=interpreted, Vv=VM code, C=native code)
V  [jvm.dll+0x676b3a]
V  [jvm.dll+0x831444]
V  [jvm.dll+0x832bee]
V  [jvm.dll+0x833253]
V  [jvm.dll+0x244ce5]
V  [jvm.dll+0xabbac]
V  [jvm.dll+0xac17c]
V  [jvm.dll+0x362d02]
V  [jvm.dll+0x32d591]
V  [jvm.dll+0x32ca3a]
V  [jvm.dll+0x217b51]
V  [jvm.dll+0x216f71]
V  [jvm.dll+0x1a343d]
V  [jvm.dll+0x22698a]
V  [jvm.dll+0x224ac5]
V  [jvm.dll+0x7e727b]
V  [jvm.dll+0x7e17ea]
V  [jvm.dll+0x6759e5]
C  [ucrtbase.dll+0x29363]
C  [KERNEL32.DLL+0x126bd]
C  [ntdll.dll+0x5dfb8]


---------------  P R O C E S S  ---------------

Threads class SMR info:
_java_thread_list=0x000002e2cd2e19a0, length=22, elements={
0x000002e2b3aab500, 0x000002e2b3b58f70, 0x000002e2c79137c0, 0x000002e2c791aed0,
0x000002e2c791dda0, 0x000002e2c92de020, 0x000002e2c92de9d0, 0x000002e2c92df6b0,
0x000002e2b3b59f40, 0x000002e2c9345510, 0x000002e2c93e1ca0, 0x000002e2cb48f200,
0x000002e2cb97edf0, 0x000002e2cc5b2900, 0x000002e2cc5b2dd0, 0x000002e2cc608420,
0x000002e2cb551020, 0x000002e2cc7c3820, 0x000002e2cbb768f0, 0x000002e2cbb74740,
0x000002e2cbb73da0, 0x000002e2cbb75a80
}

Java Threads: ( => current thread )
  0x000002e2b3aab500 JavaThread "main" [_thread_blocked, id=59808, stack(0x000000e9db900000,0x000000e9dba00000)]
  0x000002e2b3b58f70 JavaThread "Reference Handler" daemon [_thread_blocked, id=68004, stack(0x000000e9dbc00000,0x000000e9dbd00000)]
  0x000002e2c79137c0 JavaThread "Finalizer" daemon [_thread_blocked, id=64040, stack(0x000000e9dbd00000,0x000000e9dbe00000)]
  0x000002e2c791aed0 JavaThread "Signal Dispatcher" daemon [_thread_blocked, id=62680, stack(0x000000e9dbe00000,0x000000e9dbf00000)]
  0x000002e2c791dda0 JavaThread "Attach Listener" daemon [_thread_blocked, id=67696, stack(0x000000e9dbf00000,0x000000e9dc000000)]
  0x000002e2c92de020 JavaThread "Service Thread" daemon [_thread_blocked, id=5368, stack(0x000000e9dc000000,0x000000e9dc100000)]
  0x000002e2c92de9d0 JavaThread "Monitor Deflation Thread" daemon [_thread_blocked, id=59900, stack(0x000000e9dc100000,0x000000e9dc200000)]
=>0x000002e2c92df6b0 JavaThread "C2 CompilerThread0" daemon [_thread_in_native, id=56744, stack(0x000000e9dc200000,0x000000e9dc300000)]
  0x000002e2b3b59f40 JavaThread "C1 CompilerThread0" daemon [_thread_blocked, id=63408, stack(0x000000e9dc300000,0x000000e9dc400000)]
  0x000002e2c9345510 JavaThread "Sweeper thread" daemon [_thread_blocked, id=53876, stack(0x000000e9dc400000,0x000000e9dc500000)]
  0x000002e2c93e1ca0 JavaThread "Common-Cleaner" daemon [_thread_blocked, id=60496, stack(0x000000e9dc500000,0x000000e9dc600000)]
  0x000002e2cb48f200 JavaThread "Notification Thread" daemon [_thread_blocked, id=46132, stack(0x000000e9dc700000,0x000000e9dc800000)]
  0x000002e2cb97edf0 JavaThread "Active Thread: Equinox Container: e6dc66db-145a-4add-858e-01a927d1376c" [_thread_blocked, id=59692, stack(0x000000e9dcf00000,0x000000e9dd000000)]
  0x000002e2cc5b2900 JavaThread "Framework Event Dispatcher: Equinox Container: e6dc66db-145a-4add-858e-01a927d1376c" daemon [_thread_blocked, id=60624, stack(0x000000e9dd000000,0x000000e9dd100000)]
  0x000002e2cc5b2dd0 JavaThread "Start Level: Equinox Container: e6dc66db-145a-4add-858e-01a927d1376c" daemon [_thread_blocked, id=64488, stack(0x000000e9dd100000,0x000000e9dd200000)]
  0x000002e2cc608420 JavaThread "SCR Component Actor" daemon [_thread_blocked, id=67908, stack(0x000000e9dd200000,0x000000e9dd300000)]
  0x000002e2cb551020 JavaThread "Worker-JM" [_thread_blocked, id=67868, stack(0x000000e9dd600000,0x000000e9dd700000)]
  0x000002e2cc7c3820 JavaThread "Worker-0" [_thread_blocked, id=55680, stack(0x000000e9dda00000,0x000000e9ddb00000)]
  0x000002e2cbb768f0 JavaThread "Worker-1" [_thread_blocked, id=67936, stack(0x000000e9ddb00000,0x000000e9ddc00000)]
  0x000002e2cbb74740 JavaThread "JNA Cleaner" daemon [_thread_blocked, id=20476, stack(0x000000e9dc600000,0x000000e9dc700000)]
  0x000002e2cbb73da0 JavaThread "pool-2-thread-1" [_thread_blocked, id=53836, stack(0x000000e9dd500000,0x000000e9dd600000)]
  0x000002e2cbb75a80 JavaThread "pool-1-thread-1" [_thread_in_Java, id=63564, stack(0x000000e9ddd00000,0x000000e9dde00000)]

Other Threads:
  0x000002e2b3b20ba0 VMThread "VM Thread" [stack: 0x000000e9dbb00000,0x000000e9dbc00000] [id=39860]
  0x000002e2cb491ef0 WatcherThread [stack: 0x000000e9dc800000,0x000000e9dc900000] [id=64568]
  0x000002e2b3ac0440 GCTaskThread "GC Thread#0" [stack: 0x000000e9dba00000,0x000000e9dbb00000] [id=66468]
  0x000002e2cb66b350 GCTaskThread "GC Thread#1" [stack: 0x000000e9dc900000,0x000000e9dca00000] [id=29420]
  0x000002e2cb9a9850 GCTaskThread "GC Thread#2" [stack: 0x000000e9dca00000,0x000000e9dcb00000] [id=64560]
  0x000002e2cb9a9b00 GCTaskThread "GC Thread#3" [stack: 0x000000e9dcb00000,0x000000e9dcc00000] [id=64448]
  0x000002e2cb9a9db0 GCTaskThread "GC Thread#4" [stack: 0x000000e9dcc00000,0x000000e9dcd00000] [id=67124]
  0x000002e2cb9aa870 GCTaskThread "GC Thread#5" [stack: 0x000000e9dcd00000,0x000000e9dce00000] [id=34328]
  0x000002e2cb9aab20 GCTaskThread "GC Thread#6" [stack: 0x000000e9dce00000,0x000000e9dcf00000] [id=61736]
  0x000002e2cba5db60 GCTaskThread "GC Thread#7" [stack: 0x000000e9dd300000,0x000000e9dd400000] [id=53320]
  0x000002e2cba5d0a0 GCTaskThread "GC Thread#8" [stack: 0x000000e9dd400000,0x000000e9dd500000] [id=63108]
  0x000002e2cba5d600 GCTaskThread "GC Thread#9" [stack: 0x000000e9dd700000,0x000000e9dd800000] [id=36884]
  0x000002e2cba5de10 GCTaskThread "GC Thread#10" [stack: 0x000000e9dd800000,0x000000e9dd900000] [id=59048]
  0x000002e2cba5e0c0 GCTaskThread "GC Thread#11" [stack: 0x000000e9dd900000,0x000000e9dda00000] [id=67992]
  0x000002e2cba5cdf0 GCTaskThread "GC Thread#12" [stack: 0x000000e9ddc00000,0x000000e9ddd00000] [id=60056]

Threads with active compile tasks:
C2 CompilerThread0    14812 2839       4       jdk.internal.org.objectweb.asm.Frame::execute (2318 bytes)

VM state: not at safepoint (normal execution)

VM Mutex/Monitor currently owned by a thread: None

Heap address: 0x00000000c0000000, size: 1024 MB, Compressed Oops mode: 32-bit

CDS archive(s) not mapped
Compressed class space mapped at: 0x0000000100000000-0x0000000140000000, reserved size: 1073741824
Narrow klass base: 0x0000000000000000, Narrow klass shift: 3, Narrow klass range: 0x140000000

GC Precious Log:
 CPUs: 16 total, 16 available
 Memory: 10085M
 Large Page Support: Disabled
 NUMA Support: Disabled
 Compressed Oops: Enabled (32-bit)
 Alignments: Space 512K, Generation 512K, Heap 2M
 Heap Min Capacity: 100M
 Heap Initial Capacity: 100M
 Heap Max Capacity: 1G
 Pre-touch: Disabled
 Parallel Workers: 13

Heap:
 PSYoungGen      total 25600K, used 3277K [0x00000000eab00000, 0x00000000ec880000, 0x0000000100000000)
  eden space 24064K, 7% used [0x00000000eab00000,0x00000000eacb59c8,0x00000000ec280000)
  from space 1536K, 99% used [0x00000000ec480000,0x00000000ec5fda90,0x00000000ec600000)
  to   space 2560K, 0% used [0x00000000ec600000,0x00000000ec600000,0x00000000ec880000)
 ParOldGen       total 68608K, used 8147K [0x00000000c0000000, 0x00000000c4300000, 0x00000000eab00000)
  object space 68608K, 11% used [0x00000000c0000000,0x00000000c07f4e68,0x00000000c4300000)
 Metaspace       used 32371K, committed 32960K, reserved 1081344K
  class space    used 3246K, committed 3520K, reserved 1048576K

Card table byte_map: [0x000002e2b3440000,0x000002e2b3650000] _byte_map_base: 0x000002e2b2e40000

Marking Bits: (ParMarkBitMap*) 0x00007ff9b42f0dd0
 Begin Bits: [0x000002e2c5720000, 0x000002e2c6720000)
 End Bits:   [0x000002e2c6720000, 0x000002e2c7720000)

Polling page: 0x000002e2b1a30000

Metaspace:

Usage:
  Non-class:     28.44 MB used.
      Class:      3.17 MB used.
       Both:     31.61 MB used.

Virtual space:
  Non-class space:       32.00 MB reserved,      28.75 MB ( 90%) committed,  4 nodes.
      Class space:        1.00 GB reserved,       3.44 MB ( <1%) committed,  1 nodes.
             Both:        1.03 GB reserved,      32.19 MB (  3%) committed. 

Chunk freelists:
   Non-Class:  2.77 MB
       Class:  608.00 KB
        Both:  3.36 MB

MaxMetaspaceSize: unlimited
CompressedClassSpaceSize: 1.00 GB
Initial GC threshold: 21.00 MB
Current GC threshold: 35.00 MB
CDS: off
MetaspaceReclaimPolicy: balanced
 - commit_granule_bytes: 65536.
 - commit_granule_words: 8192.
 - virtual_space_node_default_size: 1048576.
 - enlarge_chunks_in_place: 1.
 - new_chunks_are_fully_committed: 0.
 - uncommit_free_chunks: 1.
 - use_allocation_guard: 0.
 - handle_deallocations: 1.


Internal statistics:

num_allocs_failed_limit: 3.
num_arena_births: 240.
num_arena_deaths: 14.
num_vsnodes_births: 5.
num_vsnodes_deaths: 0.
num_space_committed: 515.
num_space_uncommitted: 0.
num_chunks_returned_to_freelist: 17.
num_chunks_taken_from_freelist: 1152.
num_chunk_merges: 7.
num_chunk_splits: 788.
num_chunks_enlarged: 558.
num_purges: 2.
num_inconsistent_stats: 0.

CodeHeap 'non-profiled nmethods': size=119168Kb used=1145Kb max_used=1145Kb free=118022Kb
 bounds [0x000002e2be2c0000, 0x000002e2be530000, 0x000002e2c5720000]
CodeHeap 'profiled nmethods': size=119104Kb used=6043Kb max_used=6043Kb free=113061Kb
 bounds [0x000002e2b6e70000, 0x000002e2b7460000, 0x000002e2be2c0000]
CodeHeap 'non-nmethods': size=7488Kb used=1248Kb max_used=1802Kb free=6239Kb
 bounds [0x000002e2b6720000, 0x000002e2b6990000, 0x000002e2b6e70000]
 total_blobs=3517 nmethods=2956 adapters=475
 compilation: enabled
              stopped_count=0, restarted_count=0
 full_count=0

Compilation events (20 events):
Event: 14.624 Thread 0x000002e2b3b59f40 2903       3       java.lang.Integer::hashCode (2 bytes)
Event: 14.624 Thread 0x000002e2b3b59f40 nmethod 2903 0x000002e2b742b490 code [0x000002e2b742b620, 0x000002e2b742b718]
Event: 14.624 Thread 0x000002e2b3b59f40 2899       3       com.google.gson.stream.JsonReader::doPeek (744 bytes)
Event: 14.634 Thread 0x000002e2b3b59f40 nmethod 2899 0x000002e2b742b790 code [0x000002e2b742c380, 0x000002e2b7432188]
Event: 14.634 Thread 0x000002e2b3b59f40 2909       3       com.google.gson.internal.bind.TypeAdapters$27::read (225 bytes)
Event: 14.638 Thread 0x000002e2b3b59f40 nmethod 2909 0x000002e2b7434110 code [0x000002e2b74345a0, 0x000002e2b7436da8]
Event: 14.638 Thread 0x000002e2b3b59f40 2907       3       com.google.gson.stream.JsonReader::peek (144 bytes)
Event: 14.639 Thread 0x000002e2b3b59f40 nmethod 2907 0x000002e2b7437910 code [0x000002e2b7437b20, 0x000002e2b74381b8]
Event: 14.639 Thread 0x000002e2b3b59f40 2908       3       com.google.gson.stream.JsonReader::nextName (116 bytes)
Event: 14.641 Thread 0x000002e2b3b59f40 nmethod 2908 0x000002e2b7438310 code [0x000002e2b74385e0, 0x000002e2b74393a8]
Event: 14.641 Thread 0x000002e2b3b59f40 2911       3       jdk.internal.misc.VM::isModuleSystemInited (13 bytes)
Event: 14.642 Thread 0x000002e2b3b59f40 nmethod 2911 0x000002e2b7439810 code [0x000002e2b74399a0, 0x000002e2b7439b58]
Event: 14.642 Thread 0x000002e2b3b59f40 2910       3       com.google.gson.JsonElement::<init> (5 bytes)
Event: 14.642 Thread 0x000002e2b3b59f40 nmethod 2910 0x000002e2b7439c10 code [0x000002e2b7439da0, 0x000002e2b7439ef8]
Event: 14.642 Thread 0x000002e2b3b59f40 2913       3       java.util.Calendar::internalSet (8 bytes)
Event: 14.642 Thread 0x000002e2b3b59f40 nmethod 2913 0x000002e2b7439f90 code [0x000002e2b743a120, 0x000002e2b743a258]
Event: 14.696 Thread 0x000002e2b3b59f40 2914       3       org.eclipse.osgi.internal.log.EquinoxLogWriter::isLoggable (65 bytes)
Event: 14.697 Thread 0x000002e2b3b59f40 nmethod 2914 0x000002e2b743a310 code [0x000002e2b743a520, 0x000002e2b743aa38]
Event: 14.697 Thread 0x000002e2b3b59f40 2915       3       org.eclipse.osgi.internal.log.ExtendedLogReaderServiceFactory::getCount (29 bytes)
Event: 14.698 Thread 0x000002e2b3b59f40 nmethod 2915 0x000002e2b743ab90 code [0x000002e2b743ad60, 0x000002e2b743b1b8]

GC Heap History (16 events):
Event: 2.701 GC heap before
{Heap before GC invocations=1 (full 0):
 PSYoungGen      total 29696K, used 25600K [0x00000000eab00000, 0x00000000ecc00000, 0x0000000100000000)
  eden space 25600K, 100% used [0x00000000eab00000,0x00000000ec400000,0x00000000ec400000)
  from space 4096K, 0% used [0x00000000ec800000,0x00000000ec800000,0x00000000ecc00000)
  to   space 4096K, 0% used [0x00000000ec400000,0x00000000ec400000,0x00000000ec800000)
 ParOldGen       total 68608K, used 0K [0x00000000c0000000, 0x00000000c4300000, 0x00000000eab00000)
  object space 68608K, 0% used [0x00000000c0000000,0x00000000c0000000,0x00000000c4300000)
 Metaspace       used 10812K, committed 11008K, reserved 1064960K
  class space    used 1071K, committed 1152K, reserved 1048576K
}
Event: 2.719 GC heap after
{Heap after GC invocations=1 (full 0):
 PSYoungGen      total 29696K, used 3633K [0x00000000eab00000, 0x00000000ecc00000, 0x0000000100000000)
  eden space 25600K, 0% used [0x00000000eab00000,0x00000000eab00000,0x00000000ec400000)
  from space 4096K, 88% used [0x00000000ec400000,0x00000000ec78c6a0,0x00000000ec800000)
  to   space 4096K, 0% used [0x00000000ec800000,0x00000000ec800000,0x00000000ecc00000)
 ParOldGen       total 68608K, used 16K [0x00000000c0000000, 0x00000000c4300000, 0x00000000eab00000)
  object space 68608K, 0% used [0x00000000c0000000,0x00000000c0004000,0x00000000c4300000)
 Metaspace       used 10812K, committed 11008K, reserved 1064960K
  class space    used 1071K, committed 1152K, reserved 1048576K
}
Event: 5.594 GC heap before
{Heap before GC invocations=2 (full 0):
 PSYoungGen      total 29696K, used 29233K [0x00000000eab00000, 0x00000000ecc00000, 0x0000000100000000)
  eden space 25600K, 100% used [0x00000000eab00000,0x00000000ec400000,0x00000000ec400000)
  from space 4096K, 88% used [0x00000000ec400000,0x00000000ec78c6a0,0x00000000ec800000)
  to   space 4096K, 0% used [0x00000000ec800000,0x00000000ec800000,0x00000000ecc00000)
 ParOldGen       total 68608K, used 16K [0x00000000c0000000, 0x00000000c4300000, 0x00000000eab00000)
  object space 68608K, 0% used [0x00000000c0000000,0x00000000c0004000,0x00000000c4300000)
 Metaspace       used 15080K, committed 15360K, reserved 1064960K
  class space    used 1527K, committed 1664K, reserved 1048576K
}
Event: 5.606 GC heap after
{Heap after GC invocations=2 (full 0):
 PSYoungGen      total 29696K, used 4093K [0x00000000eab00000, 0x00000000ecc00000, 0x0000000100000000)
  eden space 25600K, 0% used [0x00000000eab00000,0x00000000eab00000,0x00000000ec400000)
  from space 4096K, 99% used [0x00000000ec800000,0x00000000ecbff718,0x00000000ecc00000)
  to   space 4096K, 0% used [0x00000000ec400000,0x00000000ec400000,0x00000000ec800000)
 ParOldGen       total 68608K, used 1293K [0x00000000c0000000, 0x00000000c4300000, 0x00000000eab00000)
  object space 68608K, 1% used [0x00000000c0000000,0x00000000c01436e8,0x00000000c4300000)
 Metaspace       used 15080K, committed 15360K, reserved 1064960K
  class space    used 1527K, committed 1664K, reserved 1048576K
}
Event: 8.026 GC heap before
{Heap before GC invocations=3 (full 0):
 PSYoungGen      total 29696K, used 29693K [0x00000000eab00000, 0x00000000ecc00000, 0x0000000100000000)
  eden space 25600K, 100% used [0x00000000eab00000,0x00000000ec400000,0x00000000ec400000)
  from space 4096K, 99% used [0x00000000ec800000,0x00000000ecbff718,0x00000000ecc00000)
  to   space 4096K, 0% used [0x00000000ec400000,0x00000000ec400000,0x00000000ec800000)
 ParOldGen       total 68608K, used 1293K [0x00000000c0000000, 0x00000000c4300000, 0x00000000eab00000)
  object space 68608K, 1% used [0x00000000c0000000,0x00000000c01436e8,0x00000000c4300000)
 Metaspace       used 20253K, committed 20608K, reserved 1073152K
  class space    used 2059K, committed 2240K, reserved 1048576K
}
Event: 8.039 GC heap after
{Heap after GC invocations=3 (full 0):
 PSYoungGen      total 29696K, used 4094K [0x00000000eab00000, 0x00000000ecc00000, 0x0000000100000000)
  eden space 25600K, 0% used [0x00000000eab00000,0x00000000eab00000,0x00000000ec400000)
  from space 4096K, 99% used [0x00000000ec400000,0x00000000ec7ffa50,0x00000000ec800000)
  to   space 4096K, 0% used [0x00000000ec800000,0x00000000ec800000,0x00000000ecc00000)
 ParOldGen       total 68608K, used 2825K [0x00000000c0000000, 0x00000000c4300000, 0x00000000eab00000)
  object space 68608K, 4% used [0x00000000c0000000,0x00000000c02c27f0,0x00000000c4300000)
 Metaspace       used 20253K, committed 20608K, reserved 1073152K
  class space    used 2059K, committed 2240K, reserved 1048576K
}
Event: 8.507 GC heap before
{Heap before GC invocations=4 (full 0):
 PSYoungGen      total 29696K, used 9685K [0x00000000eab00000, 0x00000000ecc00000, 0x0000000100000000)
  eden space 25600K, 21% used [0x00000000eab00000,0x00000000eb075cd0,0x00000000ec400000)
  from space 4096K, 99% used [0x00000000ec400000,0x00000000ec7ffa50,0x00000000ec800000)
  to   space 4096K, 0% used [0x00000000ec800000,0x00000000ec800000,0x00000000ecc00000)
 ParOldGen       total 68608K, used 2825K [0x00000000c0000000, 0x00000000c4300000, 0x00000000eab00000)
  object space 68608K, 4% used [0x00000000c0000000,0x00000000c02c27f0,0x00000000c4300000)
 Metaspace       used 21071K, committed 21504K, reserved 1073152K
  class space    used 2145K, committed 2368K, reserved 1048576K
}
Event: 8.512 GC heap after
{Heap after GC invocations=4 (full 0):
 PSYoungGen      total 29696K, used 4095K [0x00000000eab00000, 0x00000000ecc00000, 0x0000000100000000)
  eden space 25600K, 0% used [0x00000000eab00000,0x00000000eab00000,0x00000000ec400000)
  from space 4096K, 99% used [0x00000000ec800000,0x00000000ecbffcd8,0x00000000ecc00000)
  to   space 4096K, 0% used [0x00000000ec400000,0x00000000ec400000,0x00000000ec800000)
 ParOldGen       total 68608K, used 3525K [0x00000000c0000000, 0x00000000c4300000, 0x00000000eab00000)
  object space 68608K, 5% used [0x00000000c0000000,0x00000000c03715e0,0x00000000c4300000)
 Metaspace       used 21071K, committed 21504K, reserved 1073152K
  class space    used 2145K, committed 2368K, reserved 1048576K
}
Event: 8.512 GC heap before
{Heap before GC invocations=5 (full 1):
 PSYoungGen      total 29696K, used 4095K [0x00000000eab00000, 0x00000000ecc00000, 0x0000000100000000)
  eden space 25600K, 0% used [0x00000000eab00000,0x00000000eab00000,0x00000000ec400000)
  from space 4096K, 99% used [0x00000000ec800000,0x00000000ecbffcd8,0x00000000ecc00000)
  to   space 4096K, 0% used [0x00000000ec400000,0x00000000ec400000,0x00000000ec800000)
 ParOldGen       total 68608K, used 3525K [0x00000000c0000000, 0x00000000c4300000, 0x00000000eab00000)
  object space 68608K, 5% used [0x00000000c0000000,0x00000000c03715e0,0x00000000c4300000)
 Metaspace       used 21071K, committed 21504K, reserved 1073152K
  class space    used 2145K, committed 2368K, reserved 1048576K
}
Event: 8.549 GC heap after
{Heap after GC invocations=5 (full 1):
 PSYoungGen      total 29696K, used 0K [0x00000000eab00000, 0x00000000ecc00000, 0x0000000100000000)
  eden space 25600K, 0% used [0x00000000eab00000,0x00000000eab00000,0x00000000ec400000)
  from space 4096K, 0% used [0x00000000ec800000,0x00000000ec800000,0x00000000ecc00000)
  to   space 4096K, 0% used [0x00000000ec400000,0x00000000ec400000,0x00000000ec800000)
 ParOldGen       total 68608K, used 7313K [0x00000000c0000000, 0x00000000c4300000, 0x00000000eab00000)
  object space 68608K, 10% used [0x00000000c0000000,0x00000000c07245b8,0x00000000c4300000)
 Metaspace       used 21058K, committed 21504K, reserved 1073152K
  class space    used 2142K, committed 2368K, reserved 1048576K
}
Event: 9.548 GC heap before
{Heap before GC invocations=6 (full 1):
 PSYoungGen      total 29696K, used 25600K [0x00000000eab00000, 0x00000000ecc00000, 0x0000000100000000)
  eden space 25600K, 100% used [0x00000000eab00000,0x00000000ec400000,0x00000000ec400000)
  from space 4096K, 0% used [0x00000000ec800000,0x00000000ec800000,0x00000000ecc00000)
  to   space 4096K, 0% used [0x00000000ec400000,0x00000000ec400000,0x00000000ec800000)
 ParOldGen       total 68608K, used 7313K [0x00000000c0000000, 0x00000000c4300000, 0x00000000eab00000)
  object space 68608K, 10% used [0x00000000c0000000,0x00000000c07245b8,0x00000000c4300000)
 Metaspace       used 24703K, committed 25088K, reserved 1073152K
  class space    used 2404K, committed 2560K, reserved 1048576K
}
Event: 9.550 GC heap after
{Heap after GC invocations=6 (full 1):
 PSYoungGen      total 25600K, used 371K [0x00000000eab00000, 0x00000000ec880000, 0x0000000100000000)
  eden space 25088K, 0% used [0x00000000eab00000,0x00000000eab00000,0x00000000ec380000)
  from space 512K, 72% used [0x00000000ec400000,0x00000000ec45cdb8,0x00000000ec480000)
  to   space 2560K, 0% used [0x00000000ec600000,0x00000000ec600000,0x00000000ec880000)
 ParOldGen       total 68608K, used 7313K [0x00000000c0000000, 0x00000000c4300000, 0x00000000eab00000)
  object space 68608K, 10% used [0x00000000c0000000,0x00000000c07245b8,0x00000000c4300000)
 Metaspace       used 24703K, committed 25088K, reserved 1073152K
  class space    used 2404K, committed 2560K, reserved 1048576K
}
Event: 11.511 GC heap before
{Heap before GC invocations=7 (full 1):
 PSYoungGen      total 25600K, used 25459K [0x00000000eab00000, 0x00000000ec880000, 0x0000000100000000)
  eden space 25088K, 99% used [0x00000000eab00000,0x00000000ec37fff0,0x00000000ec380000)
  from space 512K, 72% used [0x00000000ec400000,0x00000000ec45cdb8,0x00000000ec480000)
  to   space 2560K, 0% used [0x00000000ec600000,0x00000000ec600000,0x00000000ec880000)
 ParOldGen       total 68608K, used 7313K [0x00000000c0000000, 0x00000000c4300000, 0x00000000eab00000)
  object space 68608K, 10% used [0x00000000c0000000,0x00000000c07245b8,0x00000000c4300000)
 Metaspace       used 27717K, committed 28160K, reserved 1081344K
  class space    used 2663K, committed 2816K, reserved 1048576K
}
Event: 11.513 GC heap after
{Heap after GC invocations=7 (full 1):
 PSYoungGen      total 26112K, used 1107K [0x00000000eab00000, 0x00000000ec780000, 0x0000000100000000)
  eden space 24576K, 0% used [0x00000000eab00000,0x00000000eab00000,0x00000000ec300000)
  from space 1536K, 72% used [0x00000000ec600000,0x00000000ec714e00,0x00000000ec780000)
  to   space 1536K, 0% used [0x00000000ec480000,0x00000000ec480000,0x00000000ec600000)
 ParOldGen       total 68608K, used 7321K [0x00000000c0000000, 0x00000000c4300000, 0x00000000eab00000)
  object space 68608K, 10% used [0x00000000c0000000,0x00000000c07265b8,0x00000000c4300000)
 Metaspace       used 27717K, committed 28160K, reserved 1081344K
  class space    used 2663K, committed 2816K, reserved 1048576K
}
Event: 14.580 GC heap before
{Heap before GC invocations=8 (full 1):
 PSYoungGen      total 26112K, used 25683K [0x00000000eab00000, 0x00000000ec780000, 0x0000000100000000)
  eden space 24576K, 99% used [0x00000000eab00000,0x00000000ec2ffff8,0x00000000ec300000)
  from space 1536K, 72% used [0x00000000ec600000,0x00000000ec714e00,0x00000000ec780000)
  to   space 1536K, 0% used [0x00000000ec480000,0x00000000ec480000,0x00000000ec600000)
 ParOldGen       total 68608K, used 7321K [0x00000000c0000000, 0x00000000c4300000, 0x00000000eab00000)
  object space 68608K, 10% used [0x00000000c0000000,0x00000000c07265b8,0x00000000c4300000)
 Metaspace       used 32051K, committed 32640K, reserved 1081344K
  class space    used 3222K, committed 3456K, reserved 1048576K
}
Event: 14.584 GC heap after
{Heap after GC invocations=8 (full 1):
 PSYoungGen      total 25600K, used 1526K [0x00000000eab00000, 0x00000000ec880000, 0x0000000100000000)
  eden space 24064K, 0% used [0x00000000eab00000,0x00000000eab00000,0x00000000ec280000)
  from space 1536K, 99% used [0x00000000ec480000,0x00000000ec5fda90,0x00000000ec600000)
  to   space 2560K, 0% used [0x00000000ec600000,0x00000000ec600000,0x00000000ec880000)
 ParOldGen       total 68608K, used 8147K [0x00000000c0000000, 0x00000000c4300000, 0x00000000eab00000)
  object space 68608K, 11% used [0x00000000c0000000,0x00000000c07f4e68,0x00000000c4300000)
 Metaspace       used 32051K, committed 32640K, reserved 1081344K
  class space    used 3222K, committed 3456K, reserved 1048576K
}

Dll operation events (10 events):
Event: 0.059 Loaded shared library c:\Users\thawo\.vscode\extensions\redhat.java-1.13.0-win32-x64\jre\17.0.5-win32-x86_64\bin\java.dll
Event: 0.732 Loaded shared library c:\Users\thawo\.vscode\extensions\redhat.java-1.13.0-win32-x64\jre\17.0.5-win32-x86_64\bin\zip.dll
Event: 0.740 Loaded shared library C:\Users\thawo\.vscode\extensions\redhat.java-1.13.0-win32-x64\jre\17.0.5-win32-x86_64\bin\instrument.dll
Event: 0.813 Loaded shared library C:\Users\thawo\.vscode\extensions\redhat.java-1.13.0-win32-x64\jre\17.0.5-win32-x86_64\bin\net.dll
Event: 0.831 Loaded shared library C:\Users\thawo\.vscode\extensions\redhat.java-1.13.0-win32-x64\jre\17.0.5-win32-x86_64\bin\nio.dll
Event: 0.857 Loaded shared library C:\Users\thawo\.vscode\extensions\redhat.java-1.13.0-win32-x64\jre\17.0.5-win32-x86_64\bin\zip.dll
Event: 0.904 Loaded shared library C:\Users\thawo\.vscode\extensions\redhat.java-1.13.0-win32-x64\jre\17.0.5-win32-x86_64\bin\jimage.dll
Event: 1.058 Loaded shared library c:\Users\thawo\.vscode\extensions\redhat.java-1.13.0-win32-x64\jre\17.0.5-win32-x86_64\bin\verify.dll
Event: 4.869 Loaded shared library C:\Users\thawo\AppData\Roaming\Code\User\globalStorage\redhat.java\1.13.0\config_ss_win\org.eclipse.equinox.launcher\org.eclipse.equinox.launcher.win32.win32.x86_64_1.2.600.v20220720-1916\eclipse_11700.dll
Event: 12.773 Loaded shared library C:\Users\thawo\AppData\Local\Temp\jna-110323717\jna12923767710973264062.dll

Deoptimization events (20 events):
Event: 12.386 Thread 0x000002e2cc5b2dd0 Uncommon trap: trap_request=0xffffff45 fr.pc=0x000002e2be3ba760 relative=0x0000000000000de0
Event: 12.386 Thread 0x000002e2cc5b2dd0 Uncommon trap: reason=unstable_if action=reinterpret pc=0x000002e2be3ba760 method=java.util.Properties$LineReader.readLine()I @ 256 c2
Event: 12.386 Thread 0x000002e2cc5b2dd0 DEOPT PACKING pc=0x000002e2be3ba760 sp=0x000000e9dd1fb4b0
Event: 12.386 Thread 0x000002e2cc5b2dd0 DEOPT UNPACKING pc=0x000002e2b67720a3 sp=0x000000e9dd1fb448 mode 2
Event: 12.624 Thread 0x000002e2cc5b2dd0 Uncommon trap: trap_request=0xffffff45 fr.pc=0x000002e2be2f1a28 relative=0x0000000000000628
Event: 12.624 Thread 0x000002e2cc5b2dd0 Uncommon trap: reason=unstable_if action=reinterpret pc=0x000002e2be2f1a28 method=java.lang.String.replace(Ljava/lang/CharSequence;Ljava/lang/CharSequence;)Ljava/lang/String; @ 42 c2
Event: 12.624 Thread 0x000002e2cc5b2dd0 DEOPT PACKING pc=0x000002e2be2f1a28 sp=0x000000e9dd1fb980
Event: 12.624 Thread 0x000002e2cc5b2dd0 DEOPT UNPACKING pc=0x000002e2b67720a3 sp=0x000000e9dd1fb900 mode 2
Event: 13.037 Thread 0x000002e2cc5b2dd0 Uncommon trap: trap_request=0xffffff45 fr.pc=0x000002e2be3ca2b4 relative=0x0000000000000114
Event: 13.037 Thread 0x000002e2cc5b2dd0 Uncommon trap: reason=unstable_if action=reinterpret pc=0x000002e2be3ca2b4 method=jdk.internal.org.objectweb.asm.SymbolTable.put(Ljdk/internal/org/objectweb/asm/SymbolTable$Entry;)Ljdk/internal/org/objectweb/asm/SymbolTable$Entry; @ 13 c2
Event: 13.037 Thread 0x000002e2cc5b2dd0 DEOPT PACKING pc=0x000002e2be3ca2b4 sp=0x000000e9dd1fbe00
Event: 13.037 Thread 0x000002e2cc5b2dd0 DEOPT UNPACKING pc=0x000002e2b67720a3 sp=0x000000e9dd1fbd60 mode 2
Event: 13.125 Thread 0x000002e2cc5b2dd0 Uncommon trap: trap_request=0xffffff76 fr.pc=0x000002e2be3c4860 relative=0x00000000000005a0
Event: 13.125 Thread 0x000002e2cc5b2dd0 Uncommon trap: reason=predicate action=maybe_recompile pc=0x000002e2be3c4860 method=java.util.TreeMap.getEntryUsingComparator(Ljava/lang/Object;)Ljava/util/TreeMap$Entry; @ 19 c2
Event: 13.125 Thread 0x000002e2cc5b2dd0 DEOPT PACKING pc=0x000002e2be3c4860 sp=0x000000e9dd1fca10
Event: 13.125 Thread 0x000002e2cc5b2dd0 DEOPT UNPACKING pc=0x000002e2b67720a3 sp=0x000000e9dd1fc930 mode 2
Event: 13.287 Thread 0x000002e2b3aab500 Uncommon trap: trap_request=0xffffff76 fr.pc=0x000002e2be3c010c relative=0x00000000000005cc
Event: 13.287 Thread 0x000002e2b3aab500 Uncommon trap: reason=predicate action=maybe_recompile pc=0x000002e2be3c010c method=java.util.TreeMap.getEntryUsingComparator(Ljava/lang/Object;)Ljava/util/TreeMap$Entry; @ 19 c2
Event: 13.287 Thread 0x000002e2b3aab500 DEOPT PACKING pc=0x000002e2be3c010c sp=0x000000e9db9fe2c0
Event: 13.287 Thread 0x000002e2b3aab500 DEOPT UNPACKING pc=0x000002e2b67720a3 sp=0x000000e9db9fe270 mode 2

Classes unloaded (7 events):
Event: 8.516 Thread 0x000002e2b3b20ba0 Unloading class 0x0000000100216400 'java/lang/invoke/LambdaForm$MH+0x0000000100216400'
Event: 8.516 Thread 0x000002e2b3b20ba0 Unloading class 0x0000000100216000 'java/lang/invoke/LambdaForm$MH+0x0000000100216000'
Event: 8.516 Thread 0x000002e2b3b20ba0 Unloading class 0x0000000100215c00 'java/lang/invoke/LambdaForm$MH+0x0000000100215c00'
Event: 8.516 Thread 0x000002e2b3b20ba0 Unloading class 0x0000000100215800 'java/lang/invoke/LambdaForm$MH+0x0000000100215800'
Event: 8.516 Thread 0x000002e2b3b20ba0 Unloading class 0x0000000100215000 'java/lang/invoke/LambdaForm$BMH+0x0000000100215000'
Event: 8.516 Thread 0x000002e2b3b20ba0 Unloading class 0x0000000100214c00 'java/lang/invoke/LambdaForm$DMH+0x0000000100214c00'
Event: 8.516 Thread 0x000002e2b3b20ba0 Unloading class 0x0000000100212000 'java/lang/invoke/LambdaForm$DMH+0x0000000100212000'

Classes redefined (0 events):
No events

Internal exceptions (20 events):
Event: 8.272 Thread 0x000002e2cc5b2dd0 Exception <a 'java/lang/IncompatibleClassChangeError'{0x00000000ead2fda8}: Found class java.lang.Object, but interface was expected> (0x00000000ead2fda8) 
thrown [s\src\hotspot\share\interpreter\linkResolver.cpp, line 826]
Event: 8.423 Thread 0x000002e2cc7c3820 Exception <a 'java/io/FileNotFoundException'{0x00000000eaee2b18}> (0x00000000eaee2b18) 
thrown [s\src\hotspot\share\prims\jni.cpp, line 516]
Event: 10.397 Thread 0x000002e2cc5b2dd0 Exception <a 'java/lang/ClassNotFoundException'{0x00000000ebee4378}: com/sun/org/apache/xerces/internal/impl/msg/spi/DOMMessagesProvider> (0x00000000ebee4378) 
thrown [s\src\hotspot\share\classfile\systemDictionary.cpp, line 256]
Event: 10.411 Thread 0x000002e2cc5b2dd0 Exception <a 'java/lang/ClassNotFoundException'{0x00000000ebf0b210}: com/sun/org/apache/xerces/internal/impl/msg/spi/XMLSerializerMessagesProvider> (0x00000000ebf0b210) 
thrown [s\src\hotspot\share\classfile\systemDictionary.cpp, line 256]
Event: 10.417 Thread 0x000002e2cc5b2dd0 Exception <a 'java/lang/ClassNotFoundException'{0x00000000ebf18498}: com/sun/org/apache/xerces/internal/impl/msg/spi/XMLMessagesProvider> (0x00000000ebf18498) 
thrown [s\src\hotspot\share\classfile\systemDictionary.cpp, line 256]
Event: 11.204 Thread 0x000002e2cc5b2dd0 Exception <a 'java/lang/NoSuchMethodError'{0x00000000ec210dc8}: 'java.lang.Object java.lang.invoke.DirectMethodHandle$Holder.invokeStaticInit(java.lang.Object, int, int, int, int)'> (0x00000000ec210dc8) 
thrown [s\src\hotspot\share\interpreter\linkResolver.cpp, line 759]
Event: 11.461 Thread 0x000002e2cc5b2dd0 Exception <a 'java/lang/NoSuchMethodError'{0x00000000ec2e4ff8}: 'java.lang.Object java.lang.invoke.DirectMethodHandle$Holder.invokeStaticInit(java.lang.Object, java.lang.Object, int, int, int, int)'> (0x00000000ec2e4ff8) 
thrown [s\src\hotspot\share\interpreter\linkResolver.cpp, line 759]
Event: 11.785 Thread 0x000002e2cc5b2dd0 Exception <a 'java/lang/ClassNotFoundException'{0x00000000ead9ad48}: com/sun/org/apache/xml/internal/serializer/spi/XMLEntitiesProvider> (0x00000000ead9ad48) 
thrown [s\src\hotspot\share\classfile\systemDictionary.cpp, line 256]
Event: 12.246 Thread 0x000002e2cc5b2dd0 Exception <a 'java/io/FileNotFoundException'{0x00000000eb0f8218}> (0x00000000eb0f8218) 
thrown [s\src\hotspot\share\prims\jni.cpp, line 516]
Event: 13.089 Thread 0x000002e2cc5b2dd0 Exception <a 'java/lang/UnsatisfiedLinkError'{0x00000000eb44da30}: The specified procedure could not be found.
> (0x00000000eb44da30) 
thrown [s\src\hotspot\share\prims\jni.cpp, line 535]
Event: 13.118 Thread 0x000002e2cc5b2dd0 Exception <a 'java/io/FileNotFoundException'{0x00000000eb470bc8}> (0x00000000eb470bc8) 
thrown [s\src\hotspot\share\prims\jni.cpp, line 516]
Event: 13.145 Thread 0x000002e2cc5b2dd0 Exception <a 'java/io/FileNotFoundException'{0x00000000eb4e3160}> (0x00000000eb4e3160) 
thrown [s\src\hotspot\share\prims\jni.cpp, line 516]
Event: 13.212 Thread 0x000002e2cc5b2dd0 Exception <a 'java/lang/UnsatisfiedLinkError'{0x00000000eb56de70}: The specified procedure could not be found.
> (0x00000000eb56de70) 
thrown [s\src\hotspot\share\prims\jni.cpp, line 535]
Event: 13.347 Thread 0x000002e2b3aab500 Exception <a 'java/lang/NoSuchMethodError'{0x00000000eb66ec00}: 'java.lang.Object java.lang.invoke.DirectMethodHandle$Holder.invokeStatic(java.lang.Object, java.lang.Object, long, java.lang.Object)'> (0x00000000eb66ec00) 
thrown [s\src\hotspot\share\interpreter\linkResolver.cpp, line 759]
Event: 13.349 Thread 0x000002e2b3aab500 Exception <a 'java/lang/NoSuchMethodError'{0x00000000eb672698}: 'java.lang.Object java.lang.invoke.DirectMethodHandle$Holder.invokeStaticInit(java.lang.Object, java.lang.Object, long, java.lang.Object)'> (0x00000000eb672698) 
thrown [s\src\hotspot\share\interpreter\linkResolver.cpp, line 759]
Event: 13.352 Thread 0x000002e2b3aab500 Exception <a 'java/lang/NoSuchMethodError'{0x00000000eb678ca8}: 'java.lang.Object java.lang.invoke.DirectMethodHandle$Holder.newInvokeSpecial(java.lang.Object, java.lang.Object, long)'> (0x00000000eb678ca8) 
thrown [s\src\hotspot\share\interpreter\linkResolver.cpp, line 759]
Event: 13.355 Thread 0x000002e2b3aab500 Exception <a 'java/lang/NoSuchMethodError'{0x00000000eb67c818}: 'java.lang.Object java.lang.invoke.Invokers$Holder.linkToTargetMethod(java.lang.Object, long, java.lang.Object)'> (0x00000000eb67c818) 
thrown [s\src\hotspot\share\interpreter\linkResolver.cpp, line 759]
Event: 13.684 Thread 0x000002e2b3aab500 Exception <a 'java/lang/NoSuchMethodError'{0x00000000eb83c518}: 'void java.lang.invoke.DirectMethodHandle$Holder.invokeStatic(java.lang.Object, java.lang.Object, java.lang.Object, java.lang.Object)'> (0x00000000eb83c518) 
thrown [s\src\hotspot\share\interpreter\linkResolver.cpp, line 759]
Event: 14.265 Thread 0x000002e2b3aab500 Exception <a 'java/lang/NoSuchMethodError'{0x00000000ebf8f1c0}: 'void java.lang.invoke.DirectMethodHandle$Holder.invokeSpecial(java.lang.Object, java.lang.Object, java.lang.Object, java.lang.Object, java.lang.Object, java.lang.Object)'> (0x00000000ebf8f1c0) 
thrown [s\src\hotspot\share\interpreter\linkResolver.cpp, line 759]
Event: 14.267 Thread 0x000002e2b3aab500 Exception <a 'java/lang/NoSuchMethodError'{0x00000000ebf96878}: 'java.lang.Object java.lang.invoke.DirectMethodHandle$Holder.newInvokeSpecial(java.lang.Object, java.lang.Object, java.lang.Object, java.lang.Object, java.lang.Object)'> (0x00000000ebf96878) 
thrown [s\src\hotspot\share\interpreter\linkResolver.cpp, line 759]

VM Operations (20 events):
Event: 8.507 Executing VM operation: CollectForMetadataAllocation
Event: 8.552 Executing VM operation: CollectForMetadataAllocation done
Event: 9.548 Executing VM operation: ParallelGCFailedAllocation
Event: 9.551 Executing VM operation: ParallelGCFailedAllocation done
Event: 10.551 Executing VM operation: Cleanup
Event: 10.553 Executing VM operation: Cleanup done
Event: 10.601 Executing VM operation: HandshakeAllThreads
Event: 10.601 Executing VM operation: HandshakeAllThreads done
Event: 11.510 Executing VM operation: ParallelGCFailedAllocation
Event: 11.513 Executing VM operation: ParallelGCFailedAllocation done
Event: 11.916 Executing VM operation: HandshakeAllThreads
Event: 11.916 Executing VM operation: HandshakeAllThreads done
Event: 12.917 Executing VM operation: Cleanup
Event: 12.918 Executing VM operation: Cleanup done
Event: 13.002 Executing VM operation: HandshakeAllThreads
Event: 13.002 Executing VM operation: HandshakeAllThreads done
Event: 14.012 Executing VM operation: Cleanup
Event: 14.013 Executing VM operation: Cleanup done
Event: 14.580 Executing VM operation: ParallelGCFailedAllocation
Event: 14.584 Executing VM operation: ParallelGCFailedAllocation done

Events (20 events):
Event: 14.161 loading class java/util/concurrent/atomic/AtomicIntegerArray done
Event: 14.165 loading class java/util/Currency
Event: 14.170 loading class java/util/Currency done
Event: 14.194 loading class java/util/concurrent/atomic/AtomicLongArray
Event: 14.195 loading class java/util/concurrent/atomic/AtomicLongArray done
Event: 14.375 loading class sun/util/locale/provider/DateFormatProviderImpl
Event: 14.375 loading class sun/util/locale/provider/DateFormatProviderImpl done
Event: 14.376 loading class java/text/MessageFormat
Event: 14.377 loading class java/text/MessageFormat done
Event: 14.378 loading class java/text/MessageFormat$Field
Event: 14.378 loading class java/text/MessageFormat$Field done
Event: 14.382 Thread 0x000002e2cbb75a80 Thread added: 0x000002e2cbb75a80
Event: 14.484 loading class sun/reflect/generics/repository/FieldRepository
Event: 14.484 loading class sun/reflect/generics/repository/FieldRepository done
Event: 14.501 loading class jdk/internal/reflect/UnsafeQualifiedIntegerFieldAccessorImpl
Event: 14.502 loading class jdk/internal/reflect/UnsafeQualifiedIntegerFieldAccessorImpl done
Event: 14.619 loading class java/io/InvalidObjectException
Event: 14.619 loading class java/io/ObjectStreamException
Event: 14.619 loading class java/io/ObjectStreamException done
Event: 14.619 loading class java/io/InvalidObjectException done


Dynamic libraries:
0x00007ff7fce20000 - 0x00007ff7fce2e000 	c:\Users\thawo\.vscode\extensions\redhat.java-1.13.0-win32-x64\jre\17.0.5-win32-x86_64\bin\java.exe
0x00007ffa23690000 - 0x00007ffa238a4000 	C:\WINDOWS\SYSTEM32\ntdll.dll
0x00007ffa22600000 - 0x00007ffa226c3000 	C:\WINDOWS\System32\KERNEL32.DLL
0x00007ffa20cf0000 - 0x00007ffa2108d000 	C:\WINDOWS\System32\KERNELBASE.dll
0x00007ffa1d9d0000 - 0x00007ffa1da67000 	C:\WINDOWS\SYSTEM32\apphelp.dll
0x00007ffa21270000 - 0x00007ffa21381000 	C:\WINDOWS\System32\ucrtbase.dll
0x00007ffa0e3f0000 - 0x00007ffa0e409000 	c:\Users\thawo\.vscode\extensions\redhat.java-1.13.0-win32-x64\jre\17.0.5-win32-x86_64\bin\VCRUNTIME140.dll
0x00007ffa03b40000 - 0x00007ffa03b57000 	c:\Users\thawo\.vscode\extensions\redhat.java-1.13.0-win32-x64\jre\17.0.5-win32-x86_64\bin\jli.dll
0x00007ffa227a0000 - 0x00007ffa2294d000 	C:\WINDOWS\System32\USER32.dll
0x00007ffa20ab0000 - 0x00007ffa20ad6000 	C:\WINDOWS\System32\win32u.dll
0x00007ffa234a0000 - 0x00007ffa234c9000 	C:\WINDOWS\System32\GDI32.dll
0x00007ffa21090000 - 0x00007ffa211a2000 	C:\WINDOWS\System32\gdi32full.dll
0x00007ffa20ae0000 - 0x00007ffa20b7a000 	C:\WINDOWS\System32\msvcp_win.dll
0x00007ffa14650000 - 0x00007ffa148de000 	C:\WINDOWS\WinSxS\amd64_microsoft.windows.common-controls_6595b64144ccf1df_6.0.22621.608_none_a9444ca7c10bb01d\COMCTL32.dll
0x00007ffa21480000 - 0x00007ffa21527000 	C:\WINDOWS\System32\msvcrt.dll
0x00007ffa23460000 - 0x00007ffa23492000 	C:\WINDOWS\System32\IMM32.DLL
0x00007ffa0e3e0000 - 0x00007ffa0e3ec000 	c:\Users\thawo\.vscode\extensions\redhat.java-1.13.0-win32-x64\jre\17.0.5-win32-x86_64\bin\vcruntime140_1.dll
0x00007ff9ed5d0000 - 0x00007ff9ed661000 	c:\Users\thawo\.vscode\extensions\redhat.java-1.13.0-win32-x64\jre\17.0.5-win32-x86_64\bin\msvcp140.dll
0x00007ff9b3770000 - 0x00007ff9b43b4000 	c:\Users\thawo\.vscode\extensions\redhat.java-1.13.0-win32-x64\jre\17.0.5-win32-x86_64\bin\server\jvm.dll
0x00007ffa226d0000 - 0x00007ffa2277e000 	C:\WINDOWS\System32\ADVAPI32.dll
0x00007ffa231c0000 - 0x00007ffa23264000 	C:\WINDOWS\System32\sechost.dll
0x00007ffa21540000 - 0x00007ffa21655000 	C:\WINDOWS\System32\RPCRT4.dll
0x00007ffa1d930000 - 0x00007ffa1d939000 	C:\WINDOWS\SYSTEM32\WSOCK32.dll
0x00007ffa230c0000 - 0x00007ffa23131000 	C:\WINDOWS\System32\WS2_32.dll
0x00007ffa188f0000 - 0x00007ffa188fa000 	C:\WINDOWS\SYSTEM32\VERSION.dll
0x00007ffa19830000 - 0x00007ffa19864000 	C:\WINDOWS\SYSTEM32\WINMM.dll
0x00007ffa1faf0000 - 0x00007ffa1fb08000 	C:\WINDOWS\SYSTEM32\kernel.appcore.dll
0x00007ffa0e210000 - 0x00007ffa0e21a000 	c:\Users\thawo\.vscode\extensions\redhat.java-1.13.0-win32-x64\jre\17.0.5-win32-x86_64\bin\jimage.dll
0x00007ffa1e500000 - 0x00007ffa1e72e000 	C:\WINDOWS\SYSTEM32\DBGHELP.DLL
0x00007ffa21930000 - 0x00007ffa21cba000 	C:\WINDOWS\System32\combase.dll
0x00007ffa21d20000 - 0x00007ffa21df7000 	C:\WINDOWS\System32\OLEAUT32.dll
0x00007ffa181b0000 - 0x00007ffa181e2000 	C:\WINDOWS\SYSTEM32\dbgcore.DLL
0x00007ffa21390000 - 0x00007ffa2140b000 	C:\WINDOWS\System32\bcryptPrimitives.dll
0x00007ffa0bde0000 - 0x00007ffa0bdee000 	c:\Users\thawo\.vscode\extensions\redhat.java-1.13.0-win32-x64\jre\17.0.5-win32-x86_64\bin\instrument.dll
0x00007ffa03b10000 - 0x00007ffa03b35000 	c:\Users\thawo\.vscode\extensions\redhat.java-1.13.0-win32-x64\jre\17.0.5-win32-x86_64\bin\java.dll
0x00007ffa03af0000 - 0x00007ffa03b08000 	c:\Users\thawo\.vscode\extensions\redhat.java-1.13.0-win32-x64\jre\17.0.5-win32-x86_64\bin\zip.dll
0x00007ffa21e00000 - 0x00007ffa225ef000 	C:\WINDOWS\System32\SHELL32.dll
0x00007ffa1e8f0000 - 0x00007ffa1f1b8000 	C:\WINDOWS\SYSTEM32\windows.storage.dll
0x00007ffa1f1f0000 - 0x00007ffa1f32e000 	C:\WINDOWS\SYSTEM32\wintypes.dll
0x00007ffa21830000 - 0x00007ffa21921000 	C:\WINDOWS\System32\SHCORE.dll
0x00007ffa21cc0000 - 0x00007ffa21d1e000 	C:\WINDOWS\System32\shlwapi.dll
0x00007ffa209e0000 - 0x00007ffa20a01000 	C:\WINDOWS\SYSTEM32\profapi.dll
0x00007ffa039d0000 - 0x00007ffa039e9000 	C:\Users\thawo\.vscode\extensions\redhat.java-1.13.0-win32-x64\jre\17.0.5-win32-x86_64\bin\net.dll
0x00007ffa19700000 - 0x00007ffa1982f000 	C:\WINDOWS\SYSTEM32\WINHTTP.dll
0x00007ffa1ff70000 - 0x00007ffa1ffd9000 	C:\WINDOWS\system32\mswsock.dll
0x00007ffa039b0000 - 0x00007ffa039c5000 	C:\Users\thawo\.vscode\extensions\redhat.java-1.13.0-win32-x64\jre\17.0.5-win32-x86_64\bin\nio.dll
0x00007ffa078b0000 - 0x00007ffa078c0000 	c:\Users\thawo\.vscode\extensions\redhat.java-1.13.0-win32-x64\jre\17.0.5-win32-x86_64\bin\verify.dll
0x00007ff9fe5f0000 - 0x00007ff9fe62e000 	C:\Users\thawo\AppData\Roaming\Code\User\globalStorage\redhat.java\1.13.0\config_ss_win\org.eclipse.equinox.launcher\org.eclipse.equinox.launcher.win32.win32.x86_64_1.2.600.v20220720-1916\eclipse_11700.dll
0x00007ffa232c0000 - 0x00007ffa2345c000 	C:\WINDOWS\System32\ole32.dll
0x00007ffa201c0000 - 0x00007ffa201db000 	C:\WINDOWS\SYSTEM32\CRYPTSP.dll
0x00007ffa1fa60000 - 0x00007ffa1fa95000 	C:\WINDOWS\system32\rsaenh.dll
0x00007ffa20060000 - 0x00007ffa20088000 	C:\WINDOWS\SYSTEM32\USERENV.dll
0x00007ffa203f0000 - 0x00007ffa20418000 	C:\WINDOWS\SYSTEM32\bcrypt.dll
0x00007ffa201e0000 - 0x00007ffa201ec000 	C:\WINDOWS\SYSTEM32\CRYPTBASE.dll
0x00007ffa1f580000 - 0x00007ffa1f5ad000 	C:\WINDOWS\SYSTEM32\IPHLPAPI.DLL
0x00007ffa225f0000 - 0x00007ffa225f9000 	C:\WINDOWS\System32\NSI.dll
0x00007ffa19550000 - 0x00007ffa19569000 	C:\WINDOWS\SYSTEM32\dhcpcsvc6.DLL
0x00007ffa19530000 - 0x00007ffa1954f000 	C:\WINDOWS\SYSTEM32\dhcpcsvc.DLL
0x00007ffa1f5f0000 - 0x00007ffa1f6e2000 	C:\WINDOWS\SYSTEM32\DNSAPI.dll
0x00007ff9ed0b0000 - 0x00007ff9ed0f0000 	C:\Users\thawo\AppData\Local\Temp\jna-110323717\jna12923767710973264062.dll
0x00007ffa22c30000 - 0x00007ffa22c38000 	C:\WINDOWS\System32\PSAPI.DLL

dbghelp: loaded successfully - version: 4.0.5 - missing functions: none
symbol engine: initialized successfully - sym options: 0x614 - pdb path: .;c:\Users\thawo\.vscode\extensions\redhat.java-1.13.0-win32-x64\jre\17.0.5-win32-x86_64\bin;C:\WINDOWS\SYSTEM32;C:\WINDOWS\WinSxS\amd64_microsoft.windows.common-controls_6595b64144ccf1df_6.0.22621.608_none_a9444ca7c10bb01d;c:\Users\thawo\.vscode\extensions\redhat.java-1.13.0-win32-x64\jre\17.0.5-win32-x86_64\bin\server;C:\Users\thawo\AppData\Roaming\Code\User\globalStorage\redhat.java\1.13.0\config_ss_win\org.eclipse.equinox.launcher\org.eclipse.equinox.launcher.win32.win32.x86_64_1.2.600.v20220720-1916;C:\Users\thawo\AppData\Local\Temp\jna-110323717

VM Arguments:
jvm_args: --add-modules=ALL-SYSTEM --add-opens=java.base/java.util=ALL-UNNAMED --add-opens=java.base/java.lang=ALL-UNNAMED --add-opens=java.base/sun.nio.fs=ALL-UNNAMED -Declipse.application=org.eclipse.jdt.ls.core.id1 -Dosgi.bundles.defaultStartLevel=4 -Declipse.product=org.eclipse.jdt.ls.core.product -Djava.import.generatesMetadataFilesAtProjectRoot=false -Dfile.encoding=utf8 -XX:+UseParallelGC -XX:GCTimeRatio=4 -XX:AdaptiveSizePolicyWeight=90 -Dsun.zip.disableMemoryMapping=true -Xmx1G -Xms100m -Xlog:disable -javaagent:c:\Users\thawo\.vscode\extensions\redhat.java-1.13.0-win32-x64\lombok\lombok-1.18.24.jar 
java_command: c:\Users\thawo\.vscode\extensions\redhat.java-1.13.0-win32-x64\server\plugins\org.eclipse.equinox.launcher_1.6.400.v20210924-0641.jar -configuration c:\Users\thawo\AppData\Roaming\Code\User\globalStorage\redhat.java\1.13.0\config_ss_win -data c:\Users\thawo\AppData\Roaming\Code\User\workspaceStorage\2d6e6c242182be601654a56bc59561c7\redhat.java\ss_ws
java_class_path (initial): c:\Users\thawo\.vscode\extensions\redhat.java-1.13.0-win32-x64\server\plugins\org.eclipse.equinox.launcher_1.6.400.v20210924-0641.jar
Launcher Type: SUN_STANDARD

[Global flags]
    uintx AdaptiveSizePolicyWeight                 = 90                                        {product} {command line}
     intx CICompilerCount                          = 12                                        {product} {ergonomic}
    uintx GCTimeRatio                              = 4                                         {product} {command line}
   size_t InitialHeapSize                          = 104857600                                 {product} {command line}
   size_t MaxHeapSize                              = 1073741824                                {product} {command line}
   size_t MaxNewSize                               = 357564416                                 {product} {ergonomic}
   size_t MinHeapDeltaBytes                        = 524288                                    {product} {ergonomic}
   size_t MinHeapSize                              = 104857600                                 {product} {command line}
   size_t NewSize                                  = 34603008                                  {product} {ergonomic}
    uintx NonNMethodCodeHeapSize                   = 7602480                                {pd product} {ergonomic}
    uintx NonProfiledCodeHeapSize                  = 122027880                              {pd product} {ergonomic}
   size_t OldSize                                  = 70254592                                  {product} {ergonomic}
    uintx ProfiledCodeHeapSize                     = 122027880                              {pd product} {ergonomic}
    uintx ReservedCodeCacheSize                    = 251658240                              {pd product} {ergonomic}
     bool SegmentedCodeCache                       = true                                      {product} {ergonomic}
   size_t SoftMaxHeapSize                          = 1073741824                             {manageable} {ergonomic}
     bool UseCompressedClassPointers               = true                           {product lp64_product} {ergonomic}
     bool UseCompressedOops                        = true                           {product lp64_product} {ergonomic}
     bool UseLargePagesIndividualAllocation        = false                                  {pd product} {ergonomic}
     bool UseParallelGC                            = true                                      {product} {command line}

Logging:
Log output configuration:
 #0: stdout all=off uptime,level,tags
 #1: stderr all=off uptime,level,tags

Environment Variables:
PATH=C:\Program Files\Google\Chrome\Application;C:\WINDOWS\system32;C:\WINDOWS;C:\WINDOWS\System32\Wbem;C:\WINDOWS\System32\WindowsPowerShell\v1.0\;C:\WINDOWS\System32\OpenSSH\;C:\ProgramData\chocolatey\bin;%NVM_HOME%;%NVM_SYMLINK%;C:\Program Files\Git\cmd;C:\Program Files\Geth;C:\Program Files\Go\bin;C:\Program Files\dotnet\;C:\Program Files (x86)\dotnet\;C:\Program Files\GitHub CLI\;C:\Program Files\Docker\Docker\resources\bin;C:\Ruby31-x64\bin;C:\Users\thawo\AppData\Local\pnpm;C:\Users\thawo\AppData\Local\Microsoft\WindowsApps;C:\Users\thawo\AppData\Roaming\nvm;C:\Program Files\nodejs;C:\Users\thawo\go\bin
USERNAME=thawo
OS=Windows_NT
PROCESSOR_IDENTIFIER=AMD64 Family 23 Model 104 Stepping 1, AuthenticAMD
TMP=C:\Users\thawo\AppData\Local\Temp
TEMP=C:\Users\thawo\AppData\Local\Temp



---------------  S Y S T E M  ---------------

OS:
 Windows 11 , 64 bit Build 22621 (10.0.22621.963)
OS uptime: 1 days 14:32 hours
Hyper-V role detected

CPU: total 16 (initial active 16) (16 cores per cpu, 2 threads per core) family 23 model 104 stepping 1 microcode 0x0, cx8, cmov, fxsr, ht, mmx, 3dnowpref, sse, sse2, sse3, ssse3, sse4a, sse4.1, sse4.2, popcnt, lzcnt, tsc, tscinvbit, avx, avx2, aes, clmul, bmi1, bmi2, adx, sha, fma, vzeroupper, clflush, clflushopt, hv

Memory: 4k page, system-wide physical 10085M (122M free)
TotalPageFile size 40805M (AvailPageFile size 8M)
current process WorkingSet (physical memory assigned to process): 150M, peak: 150M
current process commit charge ("private bytes"): 270M, peak: 271M

vm_info: OpenJDK 64-Bit Server VM (17.0.5+8) for windows-amd64 JRE (17.0.5+8), built on Oct 19 2022 04:48:13 by "temurin" with MS VC++ 16.7 (VS2019)

END.
